Warning[205] D:\DOCS\DROPBOX\EMBED\PIC\PROJECTS\ASM\MICROMENU_LIB+HD44780\MICROMENU_LIB+HD44780_9\MICROMENU_LIB.H 3 : Found directive in column 1. (include)
Warning[205] D:\DOCS\DROPBOX\EMBED\PIC\PROJECTS\ASM\MICROMENU_LIB+HD44780\MICROMENU_LIB+HD44780_9\MICROMENU_LIB.H 4 : Found directive in column 1. (include)
Warning[205] D:\DOCS\DROPBOX\EMBED\PIC\PROJECTS\ASM\MICROMENU_LIB+HD44780\MICROMENU_LIB+HD44780_9\HD44780_LIB.H 1 : Found directive in column 1. (include)
Message[310] C:\PROGRAM FILES\MICROCHIP\MPASM SUITE\P16F84.INC 366 : Superseding current maximum RAM and RAM map.
Warning[205] D:\DOCS\DROPBOX\EMBED\PIC\PROJECTS\ASM\MICROMENU_LIB+HD44780\MICROMENU_LIB+HD44780_9\MICROMENU_LIB.ASM 13 : Found directive in column 1. (extern)
Warning[205] D:\DOCS\DROPBOX\EMBED\PIC\PROJECTS\ASM\MICROMENU_LIB+HD44780\MICROMENU_LIB+HD44780_9\MICROMENU_LIB.ASM 16 : Found directive in column 1. (extern)
Warning[207] D:\DOCS\DROPBOX\EMBED\PIC\PROJECTS\ASM\MICROMENU_LIB+HD44780\MICROMENU_LIB+HD44780_9\MACRO.H 32 : Found label after column 1. (Table)
Warning[207] D:\DOCS\DROPBOX\EMBED\PIC\PROJECTS\ASM\MICROMENU_LIB+HD44780\MICROMENU_LIB+HD44780_9\MICROMENU_LIB.H 92 : Found label after column 1. (a)
Warning[207] D:\DOCS\DROPBOX\EMBED\PIC\PROJECTS\ASM\MICROMENU_LIB+HD44780\MICROMENU_LIB+HD44780_9\MICROMENU_LIB.H 92 : Found label after column 1. (a)
Warning[207] D:\DOCS\DROPBOX\EMBED\PIC\PROJECTS\ASM\MICROMENU_LIB+HD44780\MICROMENU_LIB+HD44780_9\MICROMENU_LIB.H 92 : Found label after column 1. (a)
Warning[207] D:\DOCS\DROPBOX\EMBED\PIC\PROJECTS\ASM\MICROMENU_LIB+HD44780\MICROMENU_LIB+HD44780_9\MICROMENU_LIB.H 92 : Found label after column 1. (a)
Warning[207] D:\DOCS\DROPBOX\EMBED\PIC\PROJECTS\ASM\MICROMENU_LIB+HD44780\MICROMENU_LIB+HD44780_9\MICROMENU_LIB.H 92 : Found label after column 1. (a)
Warning[207] D:\DOCS\DROPBOX\EMBED\PIC\PROJECTS\ASM\MICROMENU_LIB+HD44780\MICROMENU_LIB+HD44780_9\MACRO.H 32 : Found label after column 1. (Table)
Warning[207] D:\DOCS\DROPBOX\EMBED\PIC\PROJECTS\ASM\MICROMENU_LIB+HD44780\MICROMENU_LIB+HD44780_9\MICROMENU_LIB.H 102 : Found label after column 1. (c)
Warning[207] D:\DOCS\DROPBOX\EMBED\PIC\PROJECTS\ASM\MICROMENU_LIB+HD44780\MICROMENU_LIB+HD44780_9\MICROMENU_LIB.H 102 : Found label after column 1. (c)
Warning[207] D:\DOCS\DROPBOX\EMBED\PIC\PROJECTS\ASM\MICROMENU_LIB+HD44780\MICROMENU_LIB+HD44780_9\MICROMENU_LIB.H 102 : Found label after column 1. (c)
Warning[207] D:\DOCS\DROPBOX\EMBED\PIC\PROJECTS\ASM\MICROMENU_LIB+HD44780\MICROMENU_LIB+HD44780_9\MICROMENU_LIB.H 102 : Found label after column 1. (c)
Warning[207] D:\DOCS\DROPBOX\EMBED\PIC\PROJECTS\ASM\MICROMENU_LIB+HD44780\MICROMENU_LIB+HD44780_9\MICROMENU_LIB.H 102 : Found label after column 1. (c)
Warning[207] D:\DOCS\DROPBOX\EMBED\PIC\PROJECTS\ASM\MICROMENU_LIB+HD44780\MICROMENU_LIB+HD44780_9\MICROMENU_LIB.H 110 : Found label after column 1. (Menu_1_Table)
Warning[207] D:\DOCS\DROPBOX\EMBED\PIC\PROJECTS\ASM\MICROMENU_LIB+HD44780\MICROMENU_LIB+HD44780_9\MACRO.H 32 : Found label after column 1. (Table)
Warning[207] D:\DOCS\DROPBOX\EMBED\PIC\PROJECTS\ASM\MICROMENU_LIB+HD44780\MICROMENU_LIB+HD44780_9\MICROMENU_LIB.H 114 : Found label after column 1. (a)
Warning[207] D:\DOCS\DROPBOX\EMBED\PIC\PROJECTS\ASM\MICROMENU_LIB+HD44780\MICROMENU_LIB+HD44780_9\MICROMENU_LIB.H 114 : Found label after column 1. (a)
Warning[207] D:\DOCS\DROPBOX\EMBED\PIC\PROJECTS\ASM\MICROMENU_LIB+HD44780\MICROMENU_LIB+HD44780_9\MICROMENU_LIB.H 114 : Found label after column 1. (a)
Warning[207] D:\DOCS\DROPBOX\EMBED\PIC\PROJECTS\ASM\MICROMENU_LIB+HD44780\MICROMENU_LIB+HD44780_9\MICROMENU_LIB.H 116 : Found label after column 1. (d)
Warning[207] D:\DOCS\DROPBOX\EMBED\PIC\PROJECTS\ASM\MICROMENU_LIB+HD44780\MICROMENU_LIB+HD44780_9\MICROMENU_LIB.H 123 : Found label after column 1. (Menu_2_Table)
Warning[207] D:\DOCS\DROPBOX\EMBED\PIC\PROJECTS\ASM\MICROMENU_LIB+HD44780\MICROMENU_LIB+HD44780_9\MACRO.H 32 : Found label after column 1. (Table)
Warning[207] D:\DOCS\DROPBOX\EMBED\PIC\PROJECTS\ASM\MICROMENU_LIB+HD44780\MICROMENU_LIB+HD44780_9\MICROMENU_LIB.H 127 : Found label after column 1. (a)
Warning[207] D:\DOCS\DROPBOX\EMBED\PIC\PROJECTS\ASM\MICROMENU_LIB+HD44780\MICROMENU_LIB+HD44780_9\MICROMENU_LIB.H 127 : Found label after column 1. (a)
Warning[207] D:\DOCS\DROPBOX\EMBED\PIC\PROJECTS\ASM\MICROMENU_LIB+HD44780\MICROMENU_LIB+HD44780_9\MICROMENU_LIB.H 127 : Found label after column 1. (a)
Warning[207] D:\DOCS\DROPBOX\EMBED\PIC\PROJECTS\ASM\MICROMENU_LIB+HD44780\MICROMENU_LIB+HD44780_9\MICROMENU_LIB.H 129 : Found label after column 1. (d)
Warning[207] D:\DOCS\DROPBOX\EMBED\PIC\PROJECTS\ASM\MICROMENU_LIB+HD44780\MICROMENU_LIB+HD44780_9\MICROMENU_LIB.H 136 : Found label after column 1. (Menu_3_Table)
Warning[207] D:\DOCS\DROPBOX\EMBED\PIC\PROJECTS\ASM\MICROMENU_LIB+HD44780\MICROMENU_LIB+HD44780_9\MACRO.H 32 : Found label after column 1. (Table)
Warning[207] D:\DOCS\DROPBOX\EMBED\PIC\PROJECTS\ASM\MICROMENU_LIB+HD44780\MICROMENU_LIB+HD44780_9\MICROMENU_LIB.H 140 : Found label after column 1. (a)
Warning[207] D:\DOCS\DROPBOX\EMBED\PIC\PROJECTS\ASM\MICROMENU_LIB+HD44780\MICROMENU_LIB+HD44780_9\MICROMENU_LIB.H 140 : Found label after column 1. (a)
Warning[207] D:\DOCS\DROPBOX\EMBED\PIC\PROJECTS\ASM\MICROMENU_LIB+HD44780\MICROMENU_LIB+HD44780_9\MICROMENU_LIB.H 140 : Found label after column 1. (a)
Warning[207] D:\DOCS\DROPBOX\EMBED\PIC\PROJECTS\ASM\MICROMENU_LIB+HD44780\MICROMENU_LIB+HD44780_9\MICROMENU_LIB.H 142 : Found label after column 1. (d)
Warning[207] D:\DOCS\DROPBOX\EMBED\PIC\PROJECTS\ASM\MICROMENU_LIB+HD44780\MICROMENU_LIB+HD44780_9\MICROMENU_LIB.H 149 : Found label after column 1. (Menu_4_Table)
Warning[207] D:\DOCS\DROPBOX\EMBED\PIC\PROJECTS\ASM\MICROMENU_LIB+HD44780\MICROMENU_LIB+HD44780_9\MACRO.H 32 : Found label after column 1. (Table)
Warning[207] D:\DOCS\DROPBOX\EMBED\PIC\PROJECTS\ASM\MICROMENU_LIB+HD44780\MICROMENU_LIB+HD44780_9\MICROMENU_LIB.H 153 : Found label after column 1. (a)
Warning[207] D:\DOCS\DROPBOX\EMBED\PIC\PROJECTS\ASM\MICROMENU_LIB+HD44780\MICROMENU_LIB+HD44780_9\MICROMENU_LIB.H 153 : Found label after column 1. (a)
Warning[207] D:\DOCS\DROPBOX\EMBED\PIC\PROJECTS\ASM\MICROMENU_LIB+HD44780\MICROMENU_LIB+HD44780_9\MICROMENU_LIB.H 153 : Found label after column 1. (a)
Warning[207] D:\DOCS\DROPBOX\EMBED\PIC\PROJECTS\ASM\MICROMENU_LIB+HD44780\MICROMENU_LIB+HD44780_9\MICROMENU_LIB.H 155 : Found label after column 1. (d)
Warning[207] D:\DOCS\DROPBOX\EMBED\PIC\PROJECTS\ASM\MICROMENU_LIB+HD44780\MICROMENU_LIB+HD44780_9\MICROMENU_LIB.H 162 : Found label after column 1. (Menu_5_Table)
Warning[207] D:\DOCS\DROPBOX\EMBED\PIC\PROJECTS\ASM\MICROMENU_LIB+HD44780\MICROMENU_LIB+HD44780_9\MACRO.H 32 : Found label after column 1. (Table)
Warning[207] D:\DOCS\DROPBOX\EMBED\PIC\PROJECTS\ASM\MICROMENU_LIB+HD44780\MICROMENU_LIB+HD44780_9\MICROMENU_LIB.H 166 : Found label after column 1. (a)
Warning[207] D:\DOCS\DROPBOX\EMBED\PIC\PROJECTS\ASM\MICROMENU_LIB+HD44780\MICROMENU_LIB+HD44780_9\MICROMENU_LIB.H 166 : Found label after column 1. (a)
Warning[207] D:\DOCS\DROPBOX\EMBED\PIC\PROJECTS\ASM\MICROMENU_LIB+HD44780\MICROMENU_LIB+HD44780_9\MICROMENU_LIB.H 166 : Found label after column 1. (a)
Warning[207] D:\DOCS\DROPBOX\EMBED\PIC\PROJECTS\ASM\MICROMENU_LIB+HD44780\MICROMENU_LIB+HD44780_9\MICROMENU_LIB.H 168 : Found label after column 1. (d)
Warning[207] D:\DOCS\DROPBOX\EMBED\PIC\PROJECTS\ASM\MICROMENU_LIB+HD44780\MICROMENU_LIB+HD44780_9\MACRO.H 32 : Found label after column 1. (Table)
Warning[207] D:\DOCS\DROPBOX\EMBED\PIC\PROJECTS\ASM\MICROMENU_LIB+HD44780\MICROMENU_LIB+HD44780_9\MICROMENU_LIB.H 244 : Found label after column 1. (c)
Warning[207] D:\DOCS\DROPBOX\EMBED\PIC\PROJECTS\ASM\MICROMENU_LIB+HD44780\MICROMENU_LIB+HD44780_9\MICROMENU_LIB.H 244 : Found label after column 1. (c)
Warning[207] D:\DOCS\DROPBOX\EMBED\PIC\PROJECTS\ASM\MICROMENU_LIB+HD44780\MICROMENU_LIB+HD44780_9\MICROMENU_LIB.H 244 : Found label after column 1. (c)
Warning[207] D:\DOCS\DROPBOX\EMBED\PIC\PROJECTS\ASM\MICROMENU_LIB+HD44780\MICROMENU_LIB+HD44780_9\MICROMENU_LIB.H 244 : Found label after column 1. (c)
Warning[207] D:\DOCS\DROPBOX\EMBED\PIC\PROJECTS\ASM\MICROMENU_LIB+HD44780\MICROMENU_LIB+HD44780_9\MICROMENU_LIB.H 244 : Found label after column 1. (c)
Warning[207] D:\DOCS\DROPBOX\EMBED\PIC\PROJECTS\ASM\MICROMENU_LIB+HD44780\MICROMENU_LIB+HD44780_9\MICROMENU_LIB.H 252 : Found label after column 1. (Menu_1_Table_action)
Warning[207] D:\DOCS\DROPBOX\EMBED\PIC\PROJECTS\ASM\MICROMENU_LIB+HD44780\MICROMENU_LIB+HD44780_9\MACRO.H 32 : Found label after column 1. (Table)
Warning[207] D:\DOCS\DROPBOX\EMBED\PIC\PROJECTS\ASM\MICROMENU_LIB+HD44780\MICROMENU_LIB+HD44780_9\MICROMENU_LIB.H 256 : Found label after column 1. (a)
Warning[207] D:\DOCS\DROPBOX\EMBED\PIC\PROJECTS\ASM\MICROMENU_LIB+HD44780\MICROMENU_LIB+HD44780_9\MICROMENU_LIB.H 256 : Found label after column 1. (a)
Warning[207] D:\DOCS\DROPBOX\EMBED\PIC\PROJECTS\ASM\MICROMENU_LIB+HD44780\MICROMENU_LIB+HD44780_9\MICROMENU_LIB.H 256 : Found label after column 1. (a)
Warning[207] D:\DOCS\DROPBOX\EMBED\PIC\PROJECTS\ASM\MICROMENU_LIB+HD44780\MICROMENU_LIB+HD44780_9\MICROMENU_LIB.H 258 : Found label after column 1. (d)
Warning[207] D:\DOCS\DROPBOX\EMBED\PIC\PROJECTS\ASM\MICROMENU_LIB+HD44780\MICROMENU_LIB+HD44780_9\MICROMENU_LIB.H 265 : Found label after column 1. (Menu_2_Table_action)
Warning[207] D:\DOCS\DROPBOX\EMBED\PIC\PROJECTS\ASM\MICROMENU_LIB+HD44780\MICROMENU_LIB+HD44780_9\MACRO.H 32 : Found label after column 1. (Table)
Warning[207] D:\DOCS\DROPBOX\EMBED\PIC\PROJECTS\ASM\MICROMENU_LIB+HD44780\MICROMENU_LIB+HD44780_9\MICROMENU_LIB.H 269 : Found label after column 1. (a)
Warning[207] D:\DOCS\DROPBOX\EMBED\PIC\PROJECTS\ASM\MICROMENU_LIB+HD44780\MICROMENU_LIB+HD44780_9\MICROMENU_LIB.H 269 : Found label after column 1. (a)
Warning[207] D:\DOCS\DROPBOX\EMBED\PIC\PROJECTS\ASM\MICROMENU_LIB+HD44780\MICROMENU_LIB+HD44780_9\MICROMENU_LIB.H 269 : Found label after column 1. (a)
Warning[207] D:\DOCS\DROPBOX\EMBED\PIC\PROJECTS\ASM\MICROMENU_LIB+HD44780\MICROMENU_LIB+HD44780_9\MICROMENU_LIB.H 271 : Found label after column 1. (d)
Warning[207] D:\DOCS\DROPBOX\EMBED\PIC\PROJECTS\ASM\MICROMENU_LIB+HD44780\MICROMENU_LIB+HD44780_9\MICROMENU_LIB.H 278 : Found label after column 1. (Menu_3_Table_action)
Warning[207] D:\DOCS\DROPBOX\EMBED\PIC\PROJECTS\ASM\MICROMENU_LIB+HD44780\MICROMENU_LIB+HD44780_9\MACRO.H 32 : Found label after column 1. (Table)
Warning[207] D:\DOCS\DROPBOX\EMBED\PIC\PROJECTS\ASM\MICROMENU_LIB+HD44780\MICROMENU_LIB+HD44780_9\MICROMENU_LIB.H 282 : Found label after column 1. (a)
Warning[207] D:\DOCS\DROPBOX\EMBED\PIC\PROJECTS\ASM\MICROMENU_LIB+HD44780\MICROMENU_LIB+HD44780_9\MICROMENU_LIB.H 282 : Found label after column 1. (a)
Warning[207] D:\DOCS\DROPBOX\EMBED\PIC\PROJECTS\ASM\MICROMENU_LIB+HD44780\MICROMENU_LIB+HD44780_9\MICROMENU_LIB.H 282 : Found label after column 1. (a)
Warning[207] D:\DOCS\DROPBOX\EMBED\PIC\PROJECTS\ASM\MICROMENU_LIB+HD44780\MICROMENU_LIB+HD44780_9\MICROMENU_LIB.H 284 : Found label after column 1. (d)
Warning[207] D:\DOCS\DROPBOX\EMBED\PIC\PROJECTS\ASM\MICROMENU_LIB+HD44780\MICROMENU_LIB+HD44780_9\MICROMENU_LIB.H 291 : Found label after column 1. (Menu_4_Table_action)
Warning[207] D:\DOCS\DROPBOX\EMBED\PIC\PROJECTS\ASM\MICROMENU_LIB+HD44780\MICROMENU_LIB+HD44780_9\MACRO.H 32 : Found label after column 1. (Table)
Warning[207] D:\DOCS\DROPBOX\EMBED\PIC\PROJECTS\ASM\MICROMENU_LIB+HD44780\MICROMENU_LIB+HD44780_9\MICROMENU_LIB.H 295 : Found label after column 1. (a)
Warning[207] D:\DOCS\DROPBOX\EMBED\PIC\PROJECTS\ASM\MICROMENU_LIB+HD44780\MICROMENU_LIB+HD44780_9\MICROMENU_LIB.H 295 : Found label after column 1. (a)
Warning[207] D:\DOCS\DROPBOX\EMBED\PIC\PROJECTS\ASM\MICROMENU_LIB+HD44780\MICROMENU_LIB+HD44780_9\MICROMENU_LIB.H 295 : Found label after column 1. (a)
Warning[207] D:\DOCS\DROPBOX\EMBED\PIC\PROJECTS\ASM\MICROMENU_LIB+HD44780\MICROMENU_LIB+HD44780_9\MICROMENU_LIB.H 297 : Found label after column 1. (d)
Warning[207] D:\DOCS\DROPBOX\EMBED\PIC\PROJECTS\ASM\MICROMENU_LIB+HD44780\MICROMENU_LIB+HD44780_9\MICROMENU_LIB.H 304 : Found label after column 1. (Menu_5_Table_action)
Warning[207] D:\DOCS\DROPBOX\EMBED\PIC\PROJECTS\ASM\MICROMENU_LIB+HD44780\MICROMENU_LIB+HD44780_9\MACRO.H 32 : Found label after column 1. (Table)
Warning[207] D:\DOCS\DROPBOX\EMBED\PIC\PROJECTS\ASM\MICROMENU_LIB+HD44780\MICROMENU_LIB+HD44780_9\MICROMENU_LIB.H 308 : Found label after column 1. (a)
Warning[207] D:\DOCS\DROPBOX\EMBED\PIC\PROJECTS\ASM\MICROMENU_LIB+HD44780\MICROMENU_LIB+HD44780_9\MICROMENU_LIB.H 308 : Found label after column 1. (a)
Warning[207] D:\DOCS\DROPBOX\EMBED\PIC\PROJECTS\ASM\MICROMENU_LIB+HD44780\MICROMENU_LIB+HD44780_9\MICROMENU_LIB.H 308 : Found label after column 1. (a)
Warning[207] D:\DOCS\DROPBOX\EMBED\PIC\PROJECTS\ASM\MICROMENU_LIB+HD44780\MICROMENU_LIB+HD44780_9\MICROMENU_LIB.H 310 : Found label after column 1. (d)
Warning[207] D:\DOCS\DROPBOX\EMBED\PIC\PROJECTS\ASM\MICROMENU_LIB+HD44780\MICROMENU_LIB+HD44780_9\MICROMENU_LIB.H 69 : Found label after column 1. (Menu_1)
Warning[207] D:\DOCS\DROPBOX\EMBED\PIC\PROJECTS\ASM\MICROMENU_LIB+HD44780\MICROMENU_LIB+HD44780_9\MACRO.H 32 : Found label after column 1. (Table)
Warning[207] D:\DOCS\DROPBOX\EMBED\PIC\PROJECTS\ASM\MICROMENU_LIB+HD44780\MICROMENU_LIB+HD44780_9\MICROMENU_LIB.H 72 : Found label after column 1. (a)
Warning[207] D:\DOCS\DROPBOX\EMBED\PIC\PROJECTS\ASM\MICROMENU_LIB+HD44780\MICROMENU_LIB+HD44780_9\MICROMENU_LIB.H 69 : Found label after column 1. (Menu_2)
Warning[207] D:\DOCS\DROPBOX\EMBED\PIC\PROJECTS\ASM\MICROMENU_LIB+HD44780\MICROMENU_LIB+HD44780_9\MACRO.H 32 : Found label after column 1. (Table)
Warning[207] D:\DOCS\DROPBOX\EMBED\PIC\PROJECTS\ASM\MICROMENU_LIB+HD44780\MICROMENU_LIB+HD44780_9\MICROMENU_LIB.H 72 : Found label after column 1. (a)
Warning[207] D:\DOCS\DROPBOX\EMBED\PIC\PROJECTS\ASM\MICROMENU_LIB+HD44780\MICROMENU_LIB+HD44780_9\MICROMENU_LIB.H 69 : Found label after column 1. (Menu_3)
Warning[207] D:\DOCS\DROPBOX\EMBED\PIC\PROJECTS\ASM\MICROMENU_LIB+HD44780\MICROMENU_LIB+HD44780_9\MACRO.H 32 : Found label after column 1. (Table)
Warning[207] D:\DOCS\DROPBOX\EMBED\PIC\PROJECTS\ASM\MICROMENU_LIB+HD44780\MICROMENU_LIB+HD44780_9\MICROMENU_LIB.H 72 : Found label after column 1. (a)
Warning[207] D:\DOCS\DROPBOX\EMBED\PIC\PROJECTS\ASM\MICROMENU_LIB+HD44780\MICROMENU_LIB+HD44780_9\MICROMENU_LIB.H 69 : Found label after column 1. (Menu_4)
Warning[207] D:\DOCS\DROPBOX\EMBED\PIC\PROJECTS\ASM\MICROMENU_LIB+HD44780\MICROMENU_LIB+HD44780_9\MACRO.H 32 : Found label after column 1. (Table)
Warning[207] D:\DOCS\DROPBOX\EMBED\PIC\PROJECTS\ASM\MICROMENU_LIB+HD44780\MICROMENU_LIB+HD44780_9\MICROMENU_LIB.H 72 : Found label after column 1. (a)
Warning[207] D:\DOCS\DROPBOX\EMBED\PIC\PROJECTS\ASM\MICROMENU_LIB+HD44780\MICROMENU_LIB+HD44780_9\MICROMENU_LIB.H 69 : Found label after column 1. (Menu_5)
Warning[207] D:\DOCS\DROPBOX\EMBED\PIC\PROJECTS\ASM\MICROMENU_LIB+HD44780\MICROMENU_LIB+HD44780_9\MACRO.H 32 : Found label after column 1. (Table)
Warning[207] D:\DOCS\DROPBOX\EMBED\PIC\PROJECTS\ASM\MICROMENU_LIB+HD44780\MICROMENU_LIB+HD44780_9\MICROMENU_LIB.H 72 : Found label after column 1. (a)
Warning[207] D:\DOCS\DROPBOX\EMBED\PIC\PROJECTS\ASM\MICROMENU_LIB+HD44780\MICROMENU_LIB+HD44780_9\MACRO.H 32 : Found label after column 1. (Table)
Warning[207] D:\DOCS\DROPBOX\EMBED\PIC\PROJECTS\ASM\MICROMENU_LIB+HD44780\MICROMENU_LIB+HD44780_9\MICROMENU_LIB.H 82 : Found label after column 1. (a)
Warning[207] D:\DOCS\DROPBOX\EMBED\PIC\PROJECTS\ASM\MICROMENU_LIB+HD44780\MICROMENU_LIB+HD44780_9\MICROMENU_LIB.H 82 : Found label after column 1. (a)
Warning[207] D:\DOCS\DROPBOX\EMBED\PIC\PROJECTS\ASM\MICROMENU_LIB+HD44780\MICROMENU_LIB+HD44780_9\MICROMENU_LIB.H 82 : Found label after column 1. (a)
Warning[207] D:\DOCS\DROPBOX\EMBED\PIC\PROJECTS\ASM\MICROMENU_LIB+HD44780\MICROMENU_LIB+HD44780_9\MICROMENU_LIB.H 82 : Found label after column 1. (a)
Warning[207] D:\DOCS\DROPBOX\EMBED\PIC\PROJECTS\ASM\MICROMENU_LIB+HD44780\MICROMENU_LIB+HD44780_9\MICROMENU_LIB.H 82 : Found label after column 1. (a)
Warning[207] D:\DOCS\DROPBOX\EMBED\PIC\PROJECTS\ASM\MICROMENU_LIB+HD44780\MICROMENU_LIB+HD44780_9\MACRO.H 32 : Found label after column 1. (Table)
Warning[207] D:\DOCS\DROPBOX\EMBED\PIC\PROJECTS\ASM\MICROMENU_LIB+HD44780\MICROMENU_LIB+HD44780_9\MACRO.H 32 : Found label after column 1. (Table)
Warning[207] D:\DOCS\DROPBOX\EMBED\PIC\PROJECTS\ASM\MICROMENU_LIB+HD44780\MICROMENU_LIB+HD44780_9\MACRO.H 32 : Found label after column 1. (Table)
Warning[207] D:\DOCS\DROPBOX\EMBED\PIC\PROJECTS\ASM\MICROMENU_LIB+HD44780\MICROMENU_LIB+HD44780_9\MICROMENU_LIB.H 389 : Found label after column 1. (Menu_1_Submenu_1)
Warning[207] D:\DOCS\DROPBOX\EMBED\PIC\PROJECTS\ASM\MICROMENU_LIB+HD44780\MICROMENU_LIB+HD44780_9\MACRO.H 32 : Found label after column 1. (Table)
Warning[207] D:\DOCS\DROPBOX\EMBED\PIC\PROJECTS\ASM\MICROMENU_LIB+HD44780\MICROMENU_LIB+HD44780_9\MICROMENU_LIB.H 392 : Found label after column 1. (a)
Warning[207] D:\DOCS\DROPBOX\EMBED\PIC\PROJECTS\ASM\MICROMENU_LIB+HD44780\MICROMENU_LIB+HD44780_9\MICROMENU_LIB.H 389 : Found label after column 1. (Menu_1_Submenu_2)
Warning[207] D:\DOCS\DROPBOX\EMBED\PIC\PROJECTS\ASM\MICROMENU_LIB+HD44780\MICROMENU_LIB+HD44780_9\MACRO.H 32 : Found label after column 1. (Table)
Warning[207] D:\DOCS\DROPBOX\EMBED\PIC\PROJECTS\ASM\MICROMENU_LIB+HD44780\MICROMENU_LIB+HD44780_9\MICROMENU_LIB.H 392 : Found label after column 1. (a)
Warning[207] D:\DOCS\DROPBOX\EMBED\PIC\PROJECTS\ASM\MICROMENU_LIB+HD44780\MICROMENU_LIB+HD44780_9\MICROMENU_LIB.H 389 : Found label after column 1. (Menu_1_Submenu_3)
Warning[207] D:\DOCS\DROPBOX\EMBED\PIC\PROJECTS\ASM\MICROMENU_LIB+HD44780\MICROMENU_LIB+HD44780_9\MACRO.H 32 : Found label after column 1. (Table)
Warning[207] D:\DOCS\DROPBOX\EMBED\PIC\PROJECTS\ASM\MICROMENU_LIB+HD44780\MICROMENU_LIB+HD44780_9\MICROMENU_LIB.H 392 : Found label after column 1. (a)
Warning[207] D:\DOCS\DROPBOX\EMBED\PIC\PROJECTS\ASM\MICROMENU_LIB+HD44780\MICROMENU_LIB+HD44780_9\MICROMENU_LIB.H 394 : Found label after column 1. (d)
Warning[207] D:\DOCS\DROPBOX\EMBED\PIC\PROJECTS\ASM\MICROMENU_LIB+HD44780\MICROMENU_LIB+HD44780_9\MICROMENU_LIB.H 402 : Found label after column 1. (Menu_2_Submenu_1)
Warning[207] D:\DOCS\DROPBOX\EMBED\PIC\PROJECTS\ASM\MICROMENU_LIB+HD44780\MICROMENU_LIB+HD44780_9\MACRO.H 32 : Found label after column 1. (Table)
Warning[207] D:\DOCS\DROPBOX\EMBED\PIC\PROJECTS\ASM\MICROMENU_LIB+HD44780\MICROMENU_LIB+HD44780_9\MICROMENU_LIB.H 405 : Found label after column 1. (a)
Warning[207] D:\DOCS\DROPBOX\EMBED\PIC\PROJECTS\ASM\MICROMENU_LIB+HD44780\MICROMENU_LIB+HD44780_9\MICROMENU_LIB.H 402 : Found label after column 1. (Menu_2_Submenu_2)
Warning[207] D:\DOCS\DROPBOX\EMBED\PIC\PROJECTS\ASM\MICROMENU_LIB+HD44780\MICROMENU_LIB+HD44780_9\MACRO.H 32 : Found label after column 1. (Table)
Warning[207] D:\DOCS\DROPBOX\EMBED\PIC\PROJECTS\ASM\MICROMENU_LIB+HD44780\MICROMENU_LIB+HD44780_9\MICROMENU_LIB.H 405 : Found label after column 1. (a)
Warning[207] D:\DOCS\DROPBOX\EMBED\PIC\PROJECTS\ASM\MICROMENU_LIB+HD44780\MICROMENU_LIB+HD44780_9\MICROMENU_LIB.H 402 : Found label after column 1. (Menu_2_Submenu_3)
Warning[207] D:\DOCS\DROPBOX\EMBED\PIC\PROJECTS\ASM\MICROMENU_LIB+HD44780\MICROMENU_LIB+HD44780_9\MACRO.H 32 : Found label after column 1. (Table)
Warning[207] D:\DOCS\DROPBOX\EMBED\PIC\PROJECTS\ASM\MICROMENU_LIB+HD44780\MICROMENU_LIB+HD44780_9\MICROMENU_LIB.H 405 : Found label after column 1. (a)
Warning[207] D:\DOCS\DROPBOX\EMBED\PIC\PROJECTS\ASM\MICROMENU_LIB+HD44780\MICROMENU_LIB+HD44780_9\MICROMENU_LIB.H 407 : Found label after column 1. (d)
Warning[207] D:\DOCS\DROPBOX\EMBED\PIC\PROJECTS\ASM\MICROMENU_LIB+HD44780\MICROMENU_LIB+HD44780_9\MICROMENU_LIB.H 415 : Found label after column 1. (Menu_3_Submenu_1)
Warning[207] D:\DOCS\DROPBOX\EMBED\PIC\PROJECTS\ASM\MICROMENU_LIB+HD44780\MICROMENU_LIB+HD44780_9\MACRO.H 32 : Found label after column 1. (Table)
Warning[207] D:\DOCS\DROPBOX\EMBED\PIC\PROJECTS\ASM\MICROMENU_LIB+HD44780\MICROMENU_LIB+HD44780_9\MICROMENU_LIB.H 418 : Found label after column 1. (a)
Warning[207] D:\DOCS\DROPBOX\EMBED\PIC\PROJECTS\ASM\MICROMENU_LIB+HD44780\MICROMENU_LIB+HD44780_9\MICROMENU_LIB.H 415 : Found label after column 1. (Menu_3_Submenu_2)
Warning[207] D:\DOCS\DROPBOX\EMBED\PIC\PROJECTS\ASM\MICROMENU_LIB+HD44780\MICROMENU_LIB+HD44780_9\MACRO.H 32 : Found label after column 1. (Table)
Warning[207] D:\DOCS\DROPBOX\EMBED\PIC\PROJECTS\ASM\MICROMENU_LIB+HD44780\MICROMENU_LIB+HD44780_9\MICROMENU_LIB.H 418 : Found label after column 1. (a)
Warning[207] D:\DOCS\DROPBOX\EMBED\PIC\PROJECTS\ASM\MICROMENU_LIB+HD44780\MICROMENU_LIB+HD44780_9\MICROMENU_LIB.H 415 : Found label after column 1. (Menu_3_Submenu_3)
Warning[207] D:\DOCS\DROPBOX\EMBED\PIC\PROJECTS\ASM\MICROMENU_LIB+HD44780\MICROMENU_LIB+HD44780_9\MACRO.H 32 : Found label after column 1. (Table)
Warning[207] D:\DOCS\DROPBOX\EMBED\PIC\PROJECTS\ASM\MICROMENU_LIB+HD44780\MICROMENU_LIB+HD44780_9\MICROMENU_LIB.H 418 : Found label after column 1. (a)
Warning[207] D:\DOCS\DROPBOX\EMBED\PIC\PROJECTS\ASM\MICROMENU_LIB+HD44780\MICROMENU_LIB+HD44780_9\MICROMENU_LIB.H 420 : Found label after column 1. (d)
Warning[207] D:\DOCS\DROPBOX\EMBED\PIC\PROJECTS\ASM\MICROMENU_LIB+HD44780\MICROMENU_LIB+HD44780_9\MICROMENU_LIB.H 428 : Found label after column 1. (Menu_4_Submenu_1)
Warning[207] D:\DOCS\DROPBOX\EMBED\PIC\PROJECTS\ASM\MICROMENU_LIB+HD44780\MICROMENU_LIB+HD44780_9\MACRO.H 32 : Found label after column 1. (Table)
Warning[207] D:\DOCS\DROPBOX\EMBED\PIC\PROJECTS\ASM\MICROMENU_LIB+HD44780\MICROMENU_LIB+HD44780_9\MICROMENU_LIB.H 431 : Found label after column 1. (a)
Warning[207] D:\DOCS\DROPBOX\EMBED\PIC\PROJECTS\ASM\MICROMENU_LIB+HD44780\MICROMENU_LIB+HD44780_9\MICROMENU_LIB.H 428 : Found label after column 1. (Menu_4_Submenu_2)
Warning[207] D:\DOCS\DROPBOX\EMBED\PIC\PROJECTS\ASM\MICROMENU_LIB+HD44780\MICROMENU_LIB+HD44780_9\MACRO.H 32 : Found label after column 1. (Table)
Warning[207] D:\DOCS\DROPBOX\EMBED\PIC\PROJECTS\ASM\MICROMENU_LIB+HD44780\MICROMENU_LIB+HD44780_9\MICROMENU_LIB.H 431 : Found label after column 1. (a)
Warning[207] D:\DOCS\DROPBOX\EMBED\PIC\PROJECTS\ASM\MICROMENU_LIB+HD44780\MICROMENU_LIB+HD44780_9\MICROMENU_LIB.H 428 : Found label after column 1. (Menu_4_Submenu_3)
Warning[207] D:\DOCS\DROPBOX\EMBED\PIC\PROJECTS\ASM\MICROMENU_LIB+HD44780\MICROMENU_LIB+HD44780_9\MACRO.H 32 : Found label after column 1. (Table)
Warning[207] D:\DOCS\DROPBOX\EMBED\PIC\PROJECTS\ASM\MICROMENU_LIB+HD44780\MICROMENU_LIB+HD44780_9\MICROMENU_LIB.H 431 : Found label after column 1. (a)
Warning[207] D:\DOCS\DROPBOX\EMBED\PIC\PROJECTS\ASM\MICROMENU_LIB+HD44780\MICROMENU_LIB+HD44780_9\MICROMENU_LIB.H 433 : Found label after column 1. (d)
Warning[207] D:\DOCS\DROPBOX\EMBED\PIC\PROJECTS\ASM\MICROMENU_LIB+HD44780\MICROMENU_LIB+HD44780_9\MICROMENU_LIB.H 441 : Found label after column 1. (Menu_5_Submenu_1)
Warning[207] D:\DOCS\DROPBOX\EMBED\PIC\PROJECTS\ASM\MICROMENU_LIB+HD44780\MICROMENU_LIB+HD44780_9\MACRO.H 32 : Found label after column 1. (Table)
Warning[207] D:\DOCS\DROPBOX\EMBED\PIC\PROJECTS\ASM\MICROMENU_LIB+HD44780\MICROMENU_LIB+HD44780_9\MICROMENU_LIB.H 444 : Found label after column 1. (a)
Warning[207] D:\DOCS\DROPBOX\EMBED\PIC\PROJECTS\ASM\MICROMENU_LIB+HD44780\MICROMENU_LIB+HD44780_9\MICROMENU_LIB.H 441 : Found label after column 1. (Menu_5_Submenu_2)
Warning[207] D:\DOCS\DROPBOX\EMBED\PIC\PROJECTS\ASM\MICROMENU_LIB+HD44780\MICROMENU_LIB+HD44780_9\MACRO.H 32 : Found label after column 1. (Table)
Warning[207] D:\DOCS\DROPBOX\EMBED\PIC\PROJECTS\ASM\MICROMENU_LIB+HD44780\MICROMENU_LIB+HD44780_9\MICROMENU_LIB.H 444 : Found label after column 1. (a)
Warning[207] D:\DOCS\DROPBOX\EMBED\PIC\PROJECTS\ASM\MICROMENU_LIB+HD44780\MICROMENU_LIB+HD44780_9\MICROMENU_LIB.H 441 : Found label after column 1. (Menu_5_Submenu_3)
Warning[207] D:\DOCS\DROPBOX\EMBED\PIC\PROJECTS\ASM\MICROMENU_LIB+HD44780\MICROMENU_LIB+HD44780_9\MACRO.H 32 : Found label after column 1. (Table)
Warning[207] D:\DOCS\DROPBOX\EMBED\PIC\PROJECTS\ASM\MICROMENU_LIB+HD44780\MICROMENU_LIB+HD44780_9\MICROMENU_LIB.H 444 : Found label after column 1. (a)
Warning[207] D:\DOCS\DROPBOX\EMBED\PIC\PROJECTS\ASM\MICROMENU_LIB+HD44780\MICROMENU_LIB+HD44780_9\MICROMENU_LIB.H 446 : Found label after column 1. (d)
Warning[205] D:\DOCS\DROPBOX\EMBED\PIC\PROJECTS\ASM\MICROMENU_LIB+HD44780\MICROMENU_LIB+HD44780_9\MICROMENU_LIB.ASM 113 : Found directive in column 1. (if)
Message[305] D:\DOCS\DROPBOX\EMBED\PIC\PROJECTS\ASM\MICROMENU_LIB+HD44780\MICROMENU_LIB+HD44780_9\MICROMENU_LIB.ASM 132 : Using default destination of 1 (file).
Message[305] D:\DOCS\DROPBOX\EMBED\PIC\PROJECTS\ASM\MICROMENU_LIB+HD44780\MICROMENU_LIB+HD44780_9\MICROMENU_LIB.ASM 143 : Using default destination of 1 (file).
Warning[205] D:\DOCS\DROPBOX\EMBED\PIC\PROJECTS\ASM\MICROMENU_LIB+HD44780\MICROMENU_LIB+HD44780_9\MICROMENU_LIB.ASM 150 : Found directive in column 1. (if)
Warning[225] D:\DOCS\DROPBOX\EMBED\PIC\PROJECTS\ASM\MICROMENU_LIB+HD44780\MICROMENU_LIB+HD44780_9\MICROMENU_LIB.ASM 150 : Invalid label in operand (USE_TOP_4_FIRST_AND_BOTTOM_4_LAST)
Warning[205] D:\DOCS\DROPBOX\EMBED\PIC\PROJECTS\ASM\MICROMENU_LIB+HD44780\MICROMENU_LIB+HD44780_9\MICROMENU_LIB.ASM 158 : Found directive in column 1. (if)
Warning[225] D:\DOCS\DROPBOX\EMBED\PIC\PROJECTS\ASM\MICROMENU_LIB+HD44780\MICROMENU_LIB+HD44780_9\MICROMENU_LIB.ASM 158 : Invalid label in operand (USE_TOP_4_FIRST_AND_BOTTOM_4_LAST)
Message[305] D:\DOCS\DROPBOX\EMBED\PIC\PROJECTS\ASM\MICROMENU_LIB+HD44780\MICROMENU_LIB+HD44780_9\MICROMENU_LIB.ASM 163 : Using default destination of 1 (file).
Message[305] D:\DOCS\DROPBOX\EMBED\PIC\PROJECTS\ASM\MICROMENU_LIB+HD44780\MICROMENU_LIB+HD44780_9\MICROMENU_LIB.ASM 171 : Using default destination of 1 (file).
Warning[205] D:\DOCS\DROPBOX\EMBED\PIC\PROJECTS\ASM\MICROMENU_LIB+HD44780\MICROMENU_LIB+HD44780_9\MICROMENU_LIB.ASM 174 : Found directive in column 1. (endif)
Warning[205] D:\DOCS\DROPBOX\EMBED\PIC\PROJECTS\ASM\MICROMENU_LIB+HD44780\MICROMENU_LIB+HD44780_9\MICROMENU_LIB.ASM 178 : Found directive in column 1. (if)
Message[305] D:\DOCS\DROPBOX\EMBED\PIC\PROJECTS\ASM\MICROMENU_LIB+HD44780\MICROMENU_LIB+HD44780_9\MICROMENU_LIB.ASM 187 : Using default destination of 1 (file).
Message[305] D:\DOCS\DROPBOX\EMBED\PIC\PROJECTS\ASM\MICROMENU_LIB+HD44780\MICROMENU_LIB+HD44780_9\MICROMENU_LIB.ASM 193 : Using default destination of 1 (file).
Message[305] D:\DOCS\DROPBOX\EMBED\PIC\PROJECTS\ASM\MICROMENU_LIB+HD44780\MICROMENU_LIB+HD44780_9\MICROMENU_LIB.ASM 203 : Using default destination of 1 (file).
Message[305] D:\DOCS\DROPBOX\EMBED\PIC\PROJECTS\ASM\MICROMENU_LIB+HD44780\MICROMENU_LIB+HD44780_9\MICROMENU_LIB.ASM 208 : Using default destination of 1 (file).
Warning[205] D:\DOCS\DROPBOX\EMBED\PIC\PROJECTS\ASM\MICROMENU_LIB+HD44780\MICROMENU_LIB+HD44780_9\MICROMENU_LIB.ASM 225 : Found directive in column 1. (else)
Message[305] D:\DOCS\DROPBOX\EMBED\PIC\PROJECTS\ASM\MICROMENU_LIB+HD44780\MICROMENU_LIB+HD44780_9\MICROMENU_LIB.ASM 258 : Using default destination of 1 (file).
Message[305] D:\DOCS\DROPBOX\EMBED\PIC\PROJECTS\ASM\MICROMENU_LIB+HD44780\MICROMENU_LIB+HD44780_9\MICROMENU_LIB.ASM 260 : Using default destination of 1 (file).
Message[305] D:\DOCS\DROPBOX\EMBED\PIC\PROJECTS\ASM\MICROMENU_LIB+HD44780\MICROMENU_LIB+HD44780_9\MICROMENU_LIB.ASM 262 : Using default destination of 1 (file).
Warning[205] D:\DOCS\DROPBOX\EMBED\PIC\PROJECTS\ASM\MICROMENU_LIB+HD44780\MICROMENU_LIB+HD44780_9\MICROMENU_LIB.ASM 269 : Found directive in column 1. (if)
Message[305] D:\DOCS\DROPBOX\EMBED\PIC\PROJECTS\ASM\MICROMENU_LIB+HD44780\MICROMENU_LIB+HD44780_9\MICROMENU_LIB.ASM 271 : Using default destination of 1 (file).
Warning[205] D:\DOCS\DROPBOX\EMBED\PIC\PROJECTS\ASM\MICROMENU_LIB+HD44780\MICROMENU_LIB+HD44780_9\MICROMENU_LIB.ASM 273 : Found directive in column 1. (endif)
Message[305] D:\DOCS\DROPBOX\EMBED\PIC\PROJECTS\ASM\MICROMENU_LIB+HD44780\MICROMENU_LIB+HD44780_9\MICROMENU_LIB.ASM 275 : Using default destination of 1 (file).
Warning[205] D:\DOCS\DROPBOX\EMBED\PIC\PROJECTS\ASM\MICROMENU_LIB+HD44780\MICROMENU_LIB+HD44780_9\MICROMENU_LIB.ASM 285 : Found directive in column 1. (if)
Message[305] D:\DOCS\DROPBOX\EMBED\PIC\PROJECTS\ASM\MICROMENU_LIB+HD44780\MICROMENU_LIB+HD44780_9\MICROMENU_LIB.ASM 287 : Using default destination of 1 (file).
Warning[205] D:\DOCS\DROPBOX\EMBED\PIC\PROJECTS\ASM\MICROMENU_LIB+HD44780\MICROMENU_LIB+HD44780_9\MICROMENU_LIB.ASM 289 : Found directive in column 1. (endif)
Message[305] D:\DOCS\DROPBOX\EMBED\PIC\PROJECTS\ASM\MICROMENU_LIB+HD44780\MICROMENU_LIB+HD44780_9\MICROMENU_LIB.ASM 291 : Using default destination of 1 (file).
Warning[205] D:\DOCS\DROPBOX\EMBED\PIC\PROJECTS\ASM\MICROMENU_LIB+HD44780\MICROMENU_LIB+HD44780_9\MICROMENU_LIB.ASM 305 : Found directive in column 1. (if)
Warning[225] D:\DOCS\DROPBOX\EMBED\PIC\PROJECTS\ASM\MICROMENU_LIB+HD44780\MICROMENU_LIB+HD44780_9\MICROMENU_LIB.ASM 305 : Invalid label in operand (USE_TOP_4_FIRST_AND_BOTTOM_4_LAST)
Warning[205] D:\DOCS\DROPBOX\EMBED\PIC\PROJECTS\ASM\MICROMENU_LIB+HD44780\MICROMENU_LIB+HD44780_9\MICROMENU_LIB.ASM 313 : Found directive in column 1. (if)
Warning[225] D:\DOCS\DROPBOX\EMBED\PIC\PROJECTS\ASM\MICROMENU_LIB+HD44780\MICROMENU_LIB+HD44780_9\MICROMENU_LIB.ASM 313 : Invalid label in operand (USE_TOP_4_FIRST_AND_BOTTOM_4_LAST)
Message[305] D:\DOCS\DROPBOX\EMBED\PIC\PROJECTS\ASM\MICROMENU_LIB+HD44780\MICROMENU_LIB+HD44780_9\MICROMENU_LIB.ASM 318 : Using default destination of 1 (file).
Message[305] D:\DOCS\DROPBOX\EMBED\PIC\PROJECTS\ASM\MICROMENU_LIB+HD44780\MICROMENU_LIB+HD44780_9\MICROMENU_LIB.ASM 329 : Using default destination of 1 (file).
Warning[205] D:\DOCS\DROPBOX\EMBED\PIC\PROJECTS\ASM\MICROMENU_LIB+HD44780\MICROMENU_LIB+HD44780_9\MICROMENU_LIB.ASM 332 : Found directive in column 1. (endif)
Warning[205] D:\DOCS\DROPBOX\EMBED\PIC\PROJECTS\ASM\MICROMENU_LIB+HD44780\MICROMENU_LIB+HD44780_9\MICROMENU_LIB.ASM 336 : Found directive in column 1. (if)
Message[305] D:\DOCS\DROPBOX\EMBED\PIC\PROJECTS\ASM\MICROMENU_LIB+HD44780\MICROMENU_LIB+HD44780_9\MICROMENU_LIB.ASM 345 : Using default destination of 1 (file).
Message[305] D:\DOCS\DROPBOX\EMBED\PIC\PROJECTS\ASM\MICROMENU_LIB+HD44780\MICROMENU_LIB+HD44780_9\MICROMENU_LIB.ASM 351 : Using default destination of 1 (file).
Message[305] D:\DOCS\DROPBOX\EMBED\PIC\PROJECTS\ASM\MICROMENU_LIB+HD44780\MICROMENU_LIB+HD44780_9\MICROMENU_LIB.ASM 358 : Using default destination of 1 (file).
Message[305] D:\DOCS\DROPBOX\EMBED\PIC\PROJECTS\ASM\MICROMENU_LIB+HD44780\MICROMENU_LIB+HD44780_9\MICROMENU_LIB.ASM 362 : Using default destination of 1 (file).
Message[305] D:\DOCS\DROPBOX\EMBED\PIC\PROJECTS\ASM\MICROMENU_LIB+HD44780\MICROMENU_LIB+HD44780_9\MICROMENU_LIB.ASM 367 : Using default destination of 1 (file).
Message[305] D:\DOCS\DROPBOX\EMBED\PIC\PROJECTS\ASM\MICROMENU_LIB+HD44780\MICROMENU_LIB+HD44780_9\MICROMENU_LIB.ASM 373 : Using default destination of 1 (file).
Warning[205] D:\DOCS\DROPBOX\EMBED\PIC\PROJECTS\ASM\MICROMENU_LIB+HD44780\MICROMENU_LIB+HD44780_9\MICROMENU_LIB.ASM 385 : Found directive in column 1. (else)
Message[305] D:\DOCS\DROPBOX\EMBED\PIC\PROJECTS\ASM\MICROMENU_LIB+HD44780\MICROMENU_LIB+HD44780_9\MICROMENU_LIB.ASM 419 : Using default destination of 1 (file).
Message[305] D:\DOCS\DROPBOX\EMBED\PIC\PROJECTS\ASM\MICROMENU_LIB+HD44780\MICROMENU_LIB+HD44780_9\MICROMENU_LIB.ASM 421 : Using default destination of 1 (file).
Message[305] D:\DOCS\DROPBOX\EMBED\PIC\PROJECTS\ASM\MICROMENU_LIB+HD44780\MICROMENU_LIB+HD44780_9\MICROMENU_LIB.ASM 423 : Using default destination of 1 (file).
Warning[205] D:\DOCS\DROPBOX\EMBED\PIC\PROJECTS\ASM\MICROMENU_LIB+HD44780\MICROMENU_LIB+HD44780_9\MICROMENU_LIB.ASM 430 : Found directive in column 1. (if)
Message[305] D:\DOCS\DROPBOX\EMBED\PIC\PROJECTS\ASM\MICROMENU_LIB+HD44780\MICROMENU_LIB+HD44780_9\MICROMENU_LIB.ASM 432 : Using default destination of 1 (file).
Warning[205] D:\DOCS\DROPBOX\EMBED\PIC\PROJECTS\ASM\MICROMENU_LIB+HD44780\MICROMENU_LIB+HD44780_9\MICROMENU_LIB.ASM 434 : Found directive in column 1. (endif)
Message[305] D:\DOCS\DROPBOX\EMBED\PIC\PROJECTS\ASM\MICROMENU_LIB+HD44780\MICROMENU_LIB+HD44780_9\MICROMENU_LIB.ASM 436 : Using default destination of 1 (file).
Message[305] D:\DOCS\DROPBOX\EMBED\PIC\PROJECTS\ASM\MICROMENU_LIB+HD44780\MICROMENU_LIB+HD44780_9\MICROMENU_LIB.ASM 441 : Using default destination of 1 (file).
Warning[205] D:\DOCS\DROPBOX\EMBED\PIC\PROJECTS\ASM\MICROMENU_LIB+HD44780\MICROMENU_LIB+HD44780_9\MICROMENU_LIB.ASM 447 : Found directive in column 1. (if)
Message[305] D:\DOCS\DROPBOX\EMBED\PIC\PROJECTS\ASM\MICROMENU_LIB+HD44780\MICROMENU_LIB+HD44780_9\MICROMENU_LIB.ASM 449 : Using default destination of 1 (file).
Warning[205] D:\DOCS\DROPBOX\EMBED\PIC\PROJECTS\ASM\MICROMENU_LIB+HD44780\MICROMENU_LIB+HD44780_9\MICROMENU_LIB.ASM 451 : Found directive in column 1. (endif)
Message[305] D:\DOCS\DROPBOX\EMBED\PIC\PROJECTS\ASM\MICROMENU_LIB+HD44780\MICROMENU_LIB+HD44780_9\MICROMENU_LIB.ASM 453 : Using default destination of 1 (file).
Message[305] D:\DOCS\DROPBOX\EMBED\PIC\PROJECTS\ASM\MICROMENU_LIB+HD44780\MICROMENU_LIB+HD44780_9\MICROMENU_LIB.ASM 477 : Using default destination of 1 (file).
Message[305] D:\DOCS\DROPBOX\EMBED\PIC\PROJECTS\ASM\MICROMENU_LIB+HD44780\MICROMENU_LIB+HD44780_9\MICROMENU_LIB.ASM 482 : Using default destination of 1 (file).
Message[305] D:\DOCS\DROPBOX\EMBED\PIC\PROJECTS\ASM\MICROMENU_LIB+HD44780\MICROMENU_LIB+HD44780_9\MICROMENU_LIB.ASM 499 : Using default destination of 1 (file).
Message[305] D:\DOCS\DROPBOX\EMBED\PIC\PROJECTS\ASM\MICROMENU_LIB+HD44780\MICROMENU_LIB+HD44780_9\MICROMENU_LIB.ASM 511 : Using default destination of 1 (file).
Message[305] D:\DOCS\DROPBOX\EMBED\PIC\PROJECTS\ASM\MICROMENU_LIB+HD44780\MICROMENU_LIB+HD44780_9\MICROMENU_LIB.ASM 527 : Using default destination of 1 (file).
Message[305] D:\DOCS\DROPBOX\EMBED\PIC\PROJECTS\ASM\MICROMENU_LIB+HD44780\MICROMENU_LIB+HD44780_9\MICROMENU_LIB.ASM 529 : Using default destination of 1 (file).
