Warning[205] D:\DOCS\DROPBOX\EMBED\PIC\PROJECTS\ASM\LIBS\MICROMENU_LIB\MICROMENU_LIB+HD44780\MICROMENU_LIB+HD44780_11\MENU_ACTIONS.ASM 1 : Found directive in column 1. (IF)
Error[113]   D:\DOCS\DROPBOX\EMBED\PIC\PROJECTS\ASM\LIBS\MICROMENU_LIB\MICROMENU_LIB+HD44780\MICROMENU_LIB+HD44780_11\MENU_ACTIONS.ASM 1 : Symbol not previously defined (USE_MENU_ACTION)
Error[150]   D:\DOCS\DROPBOX\EMBED\PIC\PROJECTS\ASM\LIBS\MICROMENU_LIB\MICROMENU_LIB+HD44780\MICROMENU_LIB+HD44780_11\MENU_ACTIONS.ASM 31 : Labels must be defined in a code or data section when making an object file
Error[113]   D:\DOCS\DROPBOX\EMBED\PIC\PROJECTS\ASM\LIBS\MICROMENU_LIB\MICROMENU_LIB+HD44780\MICROMENU_LIB+HD44780_11\MENU_ACTIONS.ASM 33 : Symbol not previously defined (END_ACTION)
Error[152]   D:\DOCS\DROPBOX\EMBED\PIC\PROJECTS\ASM\LIBS\MICROMENU_LIB\MICROMENU_LIB+HD44780\MICROMENU_LIB+HD44780_11\MENU_ACTIONS.ASM 33 : Executable code and data must be defined in an appropriate section
Error[150]   D:\DOCS\DROPBOX\EMBED\PIC\PROJECTS\ASM\LIBS\MICROMENU_LIB\MICROMENU_LIB+HD44780\MICROMENU_LIB+HD44780_11\MENU_ACTIONS.ASM 34 : Labels must be defined in a code or data section when making an object file
Error[113]   D:\DOCS\DROPBOX\EMBED\PIC\PROJECTS\ASM\LIBS\MICROMENU_LIB\MICROMENU_LIB+HD44780\MICROMENU_LIB+HD44780_11\MENU_ACTIONS.ASM 36 : Symbol not previously defined (END_ACTION)
Error[152]   D:\DOCS\DROPBOX\EMBED\PIC\PROJECTS\ASM\LIBS\MICROMENU_LIB\MICROMENU_LIB+HD44780\MICROMENU_LIB+HD44780_11\MENU_ACTIONS.ASM 36 : Executable code and data must be defined in an appropriate section
Error[150]   D:\DOCS\DROPBOX\EMBED\PIC\PROJECTS\ASM\LIBS\MICROMENU_LIB\MICROMENU_LIB+HD44780\MICROMENU_LIB+HD44780_11\MENU_ACTIONS.ASM 37 : Labels must be defined in a code or data section when making an object file
Error[113]   D:\DOCS\DROPBOX\EMBED\PIC\PROJECTS\ASM\LIBS\MICROMENU_LIB\MICROMENU_LIB+HD44780\MICROMENU_LIB+HD44780_11\MENU_ACTIONS.ASM 39 : Symbol not previously defined (END_ACTION)
Error[152]   D:\DOCS\DROPBOX\EMBED\PIC\PROJECTS\ASM\LIBS\MICROMENU_LIB\MICROMENU_LIB+HD44780\MICROMENU_LIB+HD44780_11\MENU_ACTIONS.ASM 39 : Executable code and data must be defined in an appropriate section
Error[150]   D:\DOCS\DROPBOX\EMBED\PIC\PROJECTS\ASM\LIBS\MICROMENU_LIB\MICROMENU_LIB+HD44780\MICROMENU_LIB+HD44780_11\MENU_ACTIONS.ASM 41 : Labels must be defined in a code or data section when making an object file
Error[113]   D:\DOCS\DROPBOX\EMBED\PIC\PROJECTS\ASM\LIBS\MICROMENU_LIB\MICROMENU_LIB+HD44780\MICROMENU_LIB+HD44780_11\MENU_ACTIONS.ASM 43 : Symbol not previously defined (END_ACTION)
Error[152]   D:\DOCS\DROPBOX\EMBED\PIC\PROJECTS\ASM\LIBS\MICROMENU_LIB\MICROMENU_LIB+HD44780\MICROMENU_LIB+HD44780_11\MENU_ACTIONS.ASM 43 : Executable code and data must be defined in an appropriate section
Error[150]   D:\DOCS\DROPBOX\EMBED\PIC\PROJECTS\ASM\LIBS\MICROMENU_LIB\MICROMENU_LIB+HD44780\MICROMENU_LIB+HD44780_11\MENU_ACTIONS.ASM 44 : Labels must be defined in a code or data section when making an object file
Error[113]   D:\DOCS\DROPBOX\EMBED\PIC\PROJECTS\ASM\LIBS\MICROMENU_LIB\MICROMENU_LIB+HD44780\MICROMENU_LIB+HD44780_11\MENU_ACTIONS.ASM 46 : Symbol not previously defined (END_ACTION)
Error[152]   D:\DOCS\DROPBOX\EMBED\PIC\PROJECTS\ASM\LIBS\MICROMENU_LIB\MICROMENU_LIB+HD44780\MICROMENU_LIB+HD44780_11\MENU_ACTIONS.ASM 46 : Executable code and data must be defined in an appropriate section
Error[150]   D:\DOCS\DROPBOX\EMBED\PIC\PROJECTS\ASM\LIBS\MICROMENU_LIB\MICROMENU_LIB+HD44780\MICROMENU_LIB+HD44780_11\MENU_ACTIONS.ASM 47 : Labels must be defined in a code or data section when making an object file
Error[113]   D:\DOCS\DROPBOX\EMBED\PIC\PROJECTS\ASM\LIBS\MICROMENU_LIB\MICROMENU_LIB+HD44780\MICROMENU_LIB+HD44780_11\MENU_ACTIONS.ASM 49 : Symbol not previously defined (END_ACTION)
Error[152]   D:\DOCS\DROPBOX\EMBED\PIC\PROJECTS\ASM\LIBS\MICROMENU_LIB\MICROMENU_LIB+HD44780\MICROMENU_LIB+HD44780_11\MENU_ACTIONS.ASM 49 : Executable code and data must be defined in an appropriate section
Error[150]   D:\DOCS\DROPBOX\EMBED\PIC\PROJECTS\ASM\LIBS\MICROMENU_LIB\MICROMENU_LIB+HD44780\MICROMENU_LIB+HD44780_11\MENU_ACTIONS.ASM 51 : Labels must be defined in a code or data section when making an object file
Error[113]   D:\DOCS\DROPBOX\EMBED\PIC\PROJECTS\ASM\LIBS\MICROMENU_LIB\MICROMENU_LIB+HD44780\MICROMENU_LIB+HD44780_11\MENU_ACTIONS.ASM 53 : Symbol not previously defined (END_ACTION)
Error[152]   D:\DOCS\DROPBOX\EMBED\PIC\PROJECTS\ASM\LIBS\MICROMENU_LIB\MICROMENU_LIB+HD44780\MICROMENU_LIB+HD44780_11\MENU_ACTIONS.ASM 53 : Executable code and data must be defined in an appropriate section
Error[150]   D:\DOCS\DROPBOX\EMBED\PIC\PROJECTS\ASM\LIBS\MICROMENU_LIB\MICROMENU_LIB+HD44780\MICROMENU_LIB+HD44780_11\MENU_ACTIONS.ASM 54 : Labels must be defined in a code or data section when making an object file
Error[113]   D:\DOCS\DROPBOX\EMBED\PIC\PROJECTS\ASM\LIBS\MICROMENU_LIB\MICROMENU_LIB+HD44780\MICROMENU_LIB+HD44780_11\MENU_ACTIONS.ASM 56 : Symbol not previously defined (END_ACTION)
Error[152]   D:\DOCS\DROPBOX\EMBED\PIC\PROJECTS\ASM\LIBS\MICROMENU_LIB\MICROMENU_LIB+HD44780\MICROMENU_LIB+HD44780_11\MENU_ACTIONS.ASM 56 : Executable code and data must be defined in an appropriate section
Error[150]   D:\DOCS\DROPBOX\EMBED\PIC\PROJECTS\ASM\LIBS\MICROMENU_LIB\MICROMENU_LIB+HD44780\MICROMENU_LIB+HD44780_11\MENU_ACTIONS.ASM 57 : Labels must be defined in a code or data section when making an object file
Error[113]   D:\DOCS\DROPBOX\EMBED\PIC\PROJECTS\ASM\LIBS\MICROMENU_LIB\MICROMENU_LIB+HD44780\MICROMENU_LIB+HD44780_11\MENU_ACTIONS.ASM 59 : Symbol not previously defined (END_ACTION)
Error[152]   D:\DOCS\DROPBOX\EMBED\PIC\PROJECTS\ASM\LIBS\MICROMENU_LIB\MICROMENU_LIB+HD44780\MICROMENU_LIB+HD44780_11\MENU_ACTIONS.ASM 59 : Executable code and data must be defined in an appropriate section
Error[150]   D:\DOCS\DROPBOX\EMBED\PIC\PROJECTS\ASM\LIBS\MICROMENU_LIB\MICROMENU_LIB+HD44780\MICROMENU_LIB+HD44780_11\MENU_ACTIONS.ASM 61 : Labels must be defined in a code or data section when making an object file
Error[113]   D:\DOCS\DROPBOX\EMBED\PIC\PROJECTS\ASM\LIBS\MICROMENU_LIB\MICROMENU_LIB+HD44780\MICROMENU_LIB+HD44780_11\MENU_ACTIONS.ASM 63 : Symbol not previously defined (END_ACTION)
Error[152]   D:\DOCS\DROPBOX\EMBED\PIC\PROJECTS\ASM\LIBS\MICROMENU_LIB\MICROMENU_LIB+HD44780\MICROMENU_LIB+HD44780_11\MENU_ACTIONS.ASM 63 : Executable code and data must be defined in an appropriate section
Error[150]   D:\DOCS\DROPBOX\EMBED\PIC\PROJECTS\ASM\LIBS\MICROMENU_LIB\MICROMENU_LIB+HD44780\MICROMENU_LIB+HD44780_11\MENU_ACTIONS.ASM 64 : Labels must be defined in a code or data section when making an object file
Error[113]   D:\DOCS\DROPBOX\EMBED\PIC\PROJECTS\ASM\LIBS\MICROMENU_LIB\MICROMENU_LIB+HD44780\MICROMENU_LIB+HD44780_11\MENU_ACTIONS.ASM 66 : Symbol not previously defined (END_ACTION)
Error[152]   D:\DOCS\DROPBOX\EMBED\PIC\PROJECTS\ASM\LIBS\MICROMENU_LIB\MICROMENU_LIB+HD44780\MICROMENU_LIB+HD44780_11\MENU_ACTIONS.ASM 66 : Executable code and data must be defined in an appropriate section
Error[150]   D:\DOCS\DROPBOX\EMBED\PIC\PROJECTS\ASM\LIBS\MICROMENU_LIB\MICROMENU_LIB+HD44780\MICROMENU_LIB+HD44780_11\MENU_ACTIONS.ASM 67 : Labels must be defined in a code or data section when making an object file
Error[113]   D:\DOCS\DROPBOX\EMBED\PIC\PROJECTS\ASM\LIBS\MICROMENU_LIB\MICROMENU_LIB+HD44780\MICROMENU_LIB+HD44780_11\MENU_ACTIONS.ASM 69 : Symbol not previously defined (END_ACTION)
Error[152]   D:\DOCS\DROPBOX\EMBED\PIC\PROJECTS\ASM\LIBS\MICROMENU_LIB\MICROMENU_LIB+HD44780\MICROMENU_LIB+HD44780_11\MENU_ACTIONS.ASM 69 : Executable code and data must be defined in an appropriate section
Error[150]   D:\DOCS\DROPBOX\EMBED\PIC\PROJECTS\ASM\LIBS\MICROMENU_LIB\MICROMENU_LIB+HD44780\MICROMENU_LIB+HD44780_11\MENU_ACTIONS.ASM 71 : Labels must be defined in a code or data section when making an object file
Error[113]   D:\DOCS\DROPBOX\EMBED\PIC\PROJECTS\ASM\LIBS\MICROMENU_LIB\MICROMENU_LIB+HD44780\MICROMENU_LIB+HD44780_11\MENU_ACTIONS.ASM 73 : Symbol not previously defined (END_ACTION)
Error[152]   D:\DOCS\DROPBOX\EMBED\PIC\PROJECTS\ASM\LIBS\MICROMENU_LIB\MICROMENU_LIB+HD44780\MICROMENU_LIB+HD44780_11\MENU_ACTIONS.ASM 73 : Executable code and data must be defined in an appropriate section
Error[150]   D:\DOCS\DROPBOX\EMBED\PIC\PROJECTS\ASM\LIBS\MICROMENU_LIB\MICROMENU_LIB+HD44780\MICROMENU_LIB+HD44780_11\MENU_ACTIONS.ASM 74 : Labels must be defined in a code or data section when making an object file
Error[113]   D:\DOCS\DROPBOX\EMBED\PIC\PROJECTS\ASM\LIBS\MICROMENU_LIB\MICROMENU_LIB+HD44780\MICROMENU_LIB+HD44780_11\MENU_ACTIONS.ASM 76 : Symbol not previously defined (END_ACTION)
Error[152]   D:\DOCS\DROPBOX\EMBED\PIC\PROJECTS\ASM\LIBS\MICROMENU_LIB\MICROMENU_LIB+HD44780\MICROMENU_LIB+HD44780_11\MENU_ACTIONS.ASM 76 : Executable code and data must be defined in an appropriate section
Error[150]   D:\DOCS\DROPBOX\EMBED\PIC\PROJECTS\ASM\LIBS\MICROMENU_LIB\MICROMENU_LIB+HD44780\MICROMENU_LIB+HD44780_11\MENU_ACTIONS.ASM 77 : Labels must be defined in a code or data section when making an object file
Error[113]   D:\DOCS\DROPBOX\EMBED\PIC\PROJECTS\ASM\LIBS\MICROMENU_LIB\MICROMENU_LIB+HD44780\MICROMENU_LIB+HD44780_11\MENU_ACTIONS.ASM 79 : Symbol not previously defined (END_ACTION)
Error[152]   D:\DOCS\DROPBOX\EMBED\PIC\PROJECTS\ASM\LIBS\MICROMENU_LIB\MICROMENU_LIB+HD44780\MICROMENU_LIB+HD44780_11\MENU_ACTIONS.ASM 79 : Executable code and data must be defined in an appropriate section
Error[129]   D:\DOCS\DROPBOX\EMBED\PIC\PROJECTS\ASM\LIBS\MICROMENU_LIB\MICROMENU_LIB+HD44780\MICROMENU_LIB+HD44780_11\MENU_ACTIONS.ASM 80 : Expected (END)
