Warning[205] D:\DOCS\GITHUB\PIC12-16_ASM_PROJECTS\MICROMENU_LIB+HD44780\MICROMENU_LIB.H 3 : Found directive in column 1. (include)
Warning[205] D:\DOCS\GITHUB\PIC12-16_ASM_PROJECTS\MICROMENU_LIB+HD44780\MICROMENU_LIB.H 4 : Found directive in column 1. (include)
Warning[205] D:\DOCS\GITHUB\PIC12-16_ASM_PROJECTS\MICROMENU_LIB+HD44780\HD44780_LIB.H 1 : Found directive in column 1. (include)
Message[310] C:\PROGRAM FILES\MICROCHIP\MPASM SUITE\P16F84.INC 366 : Superseding current maximum RAM and RAM map.
Warning[205] D:\DOCS\GITHUB\PIC12-16_ASM_PROJECTS\MICROMENU_LIB+HD44780\MICROMENU_LIB.ASM 13 : Found directive in column 1. (extern)
Warning[205] D:\DOCS\GITHUB\PIC12-16_ASM_PROJECTS\MICROMENU_LIB+HD44780\MICROMENU_LIB.ASM 16 : Found directive in column 1. (extern)
Warning[207] D:\DOCS\GITHUB\PIC12-16_ASM_PROJECTS\MICROMENU_LIB+HD44780\MACRO.H 32 : Found label after column 1. (Table)
Warning[207] D:\DOCS\GITHUB\PIC12-16_ASM_PROJECTS\MICROMENU_LIB+HD44780\MICROMENU_LIB.H 92 : Found label after column 1. (a)
Warning[207] D:\DOCS\GITHUB\PIC12-16_ASM_PROJECTS\MICROMENU_LIB+HD44780\MICROMENU_LIB.H 92 : Found label after column 1. (a)
Warning[207] D:\DOCS\GITHUB\PIC12-16_ASM_PROJECTS\MICROMENU_LIB+HD44780\MICROMENU_LIB.H 92 : Found label after column 1. (a)
Warning[207] D:\DOCS\GITHUB\PIC12-16_ASM_PROJECTS\MICROMENU_LIB+HD44780\MICROMENU_LIB.H 92 : Found label after column 1. (a)
Warning[207] D:\DOCS\GITHUB\PIC12-16_ASM_PROJECTS\MICROMENU_LIB+HD44780\MICROMENU_LIB.H 92 : Found label after column 1. (a)
Warning[207] D:\DOCS\GITHUB\PIC12-16_ASM_PROJECTS\MICROMENU_LIB+HD44780\MACRO.H 32 : Found label after column 1. (Table)
Warning[207] D:\DOCS\GITHUB\PIC12-16_ASM_PROJECTS\MICROMENU_LIB+HD44780\MICROMENU_LIB.H 102 : Found label after column 1. (c)
Warning[207] D:\DOCS\GITHUB\PIC12-16_ASM_PROJECTS\MICROMENU_LIB+HD44780\MICROMENU_LIB.H 102 : Found label after column 1. (c)
Warning[207] D:\DOCS\GITHUB\PIC12-16_ASM_PROJECTS\MICROMENU_LIB+HD44780\MICROMENU_LIB.H 102 : Found label after column 1. (c)
Warning[207] D:\DOCS\GITHUB\PIC12-16_ASM_PROJECTS\MICROMENU_LIB+HD44780\MICROMENU_LIB.H 102 : Found label after column 1. (c)
Warning[207] D:\DOCS\GITHUB\PIC12-16_ASM_PROJECTS\MICROMENU_LIB+HD44780\MICROMENU_LIB.H 102 : Found label after column 1. (c)
Warning[207] D:\DOCS\GITHUB\PIC12-16_ASM_PROJECTS\MICROMENU_LIB+HD44780\MICROMENU_LIB.H 110 : Found label after column 1. (Menu_1_Table)
Warning[207] D:\DOCS\GITHUB\PIC12-16_ASM_PROJECTS\MICROMENU_LIB+HD44780\MACRO.H 32 : Found label after column 1. (Table)
Warning[207] D:\DOCS\GITHUB\PIC12-16_ASM_PROJECTS\MICROMENU_LIB+HD44780\MICROMENU_LIB.H 114 : Found label after column 1. (a)
Warning[207] D:\DOCS\GITHUB\PIC12-16_ASM_PROJECTS\MICROMENU_LIB+HD44780\MICROMENU_LIB.H 114 : Found label after column 1. (a)
Warning[207] D:\DOCS\GITHUB\PIC12-16_ASM_PROJECTS\MICROMENU_LIB+HD44780\MICROMENU_LIB.H 114 : Found label after column 1. (a)
Warning[207] D:\DOCS\GITHUB\PIC12-16_ASM_PROJECTS\MICROMENU_LIB+HD44780\MICROMENU_LIB.H 116 : Found label after column 1. (d)
Warning[207] D:\DOCS\GITHUB\PIC12-16_ASM_PROJECTS\MICROMENU_LIB+HD44780\MICROMENU_LIB.H 123 : Found label after column 1. (Menu_2_Table)
Warning[207] D:\DOCS\GITHUB\PIC12-16_ASM_PROJECTS\MICROMENU_LIB+HD44780\MACRO.H 32 : Found label after column 1. (Table)
Warning[207] D:\DOCS\GITHUB\PIC12-16_ASM_PROJECTS\MICROMENU_LIB+HD44780\MICROMENU_LIB.H 127 : Found label after column 1. (a)
Warning[207] D:\DOCS\GITHUB\PIC12-16_ASM_PROJECTS\MICROMENU_LIB+HD44780\MICROMENU_LIB.H 127 : Found label after column 1. (a)
Warning[207] D:\DOCS\GITHUB\PIC12-16_ASM_PROJECTS\MICROMENU_LIB+HD44780\MICROMENU_LIB.H 127 : Found label after column 1. (a)
Warning[207] D:\DOCS\GITHUB\PIC12-16_ASM_PROJECTS\MICROMENU_LIB+HD44780\MICROMENU_LIB.H 129 : Found label after column 1. (d)
Warning[207] D:\DOCS\GITHUB\PIC12-16_ASM_PROJECTS\MICROMENU_LIB+HD44780\MICROMENU_LIB.H 136 : Found label after column 1. (Menu_3_Table)
Warning[207] D:\DOCS\GITHUB\PIC12-16_ASM_PROJECTS\MICROMENU_LIB+HD44780\MACRO.H 32 : Found label after column 1. (Table)
Warning[207] D:\DOCS\GITHUB\PIC12-16_ASM_PROJECTS\MICROMENU_LIB+HD44780\MICROMENU_LIB.H 140 : Found label after column 1. (a)
Warning[207] D:\DOCS\GITHUB\PIC12-16_ASM_PROJECTS\MICROMENU_LIB+HD44780\MICROMENU_LIB.H 140 : Found label after column 1. (a)
Warning[207] D:\DOCS\GITHUB\PIC12-16_ASM_PROJECTS\MICROMENU_LIB+HD44780\MICROMENU_LIB.H 140 : Found label after column 1. (a)
Warning[207] D:\DOCS\GITHUB\PIC12-16_ASM_PROJECTS\MICROMENU_LIB+HD44780\MICROMENU_LIB.H 142 : Found label after column 1. (d)
Warning[207] D:\DOCS\GITHUB\PIC12-16_ASM_PROJECTS\MICROMENU_LIB+HD44780\MICROMENU_LIB.H 149 : Found label after column 1. (Menu_4_Table)
Warning[207] D:\DOCS\GITHUB\PIC12-16_ASM_PROJECTS\MICROMENU_LIB+HD44780\MACRO.H 32 : Found label after column 1. (Table)
Warning[207] D:\DOCS\GITHUB\PIC12-16_ASM_PROJECTS\MICROMENU_LIB+HD44780\MICROMENU_LIB.H 153 : Found label after column 1. (a)
Warning[207] D:\DOCS\GITHUB\PIC12-16_ASM_PROJECTS\MICROMENU_LIB+HD44780\MICROMENU_LIB.H 153 : Found label after column 1. (a)
Warning[207] D:\DOCS\GITHUB\PIC12-16_ASM_PROJECTS\MICROMENU_LIB+HD44780\MICROMENU_LIB.H 153 : Found label after column 1. (a)
Warning[207] D:\DOCS\GITHUB\PIC12-16_ASM_PROJECTS\MICROMENU_LIB+HD44780\MICROMENU_LIB.H 155 : Found label after column 1. (d)
Warning[207] D:\DOCS\GITHUB\PIC12-16_ASM_PROJECTS\MICROMENU_LIB+HD44780\MICROMENU_LIB.H 162 : Found label after column 1. (Menu_5_Table)
Warning[207] D:\DOCS\GITHUB\PIC12-16_ASM_PROJECTS\MICROMENU_LIB+HD44780\MACRO.H 32 : Found label after column 1. (Table)
Warning[207] D:\DOCS\GITHUB\PIC12-16_ASM_PROJECTS\MICROMENU_LIB+HD44780\MICROMENU_LIB.H 166 : Found label after column 1. (a)
Warning[207] D:\DOCS\GITHUB\PIC12-16_ASM_PROJECTS\MICROMENU_LIB+HD44780\MICROMENU_LIB.H 166 : Found label after column 1. (a)
Warning[207] D:\DOCS\GITHUB\PIC12-16_ASM_PROJECTS\MICROMENU_LIB+HD44780\MICROMENU_LIB.H 166 : Found label after column 1. (a)
Warning[207] D:\DOCS\GITHUB\PIC12-16_ASM_PROJECTS\MICROMENU_LIB+HD44780\MICROMENU_LIB.H 168 : Found label after column 1. (d)
Warning[207] D:\DOCS\GITHUB\PIC12-16_ASM_PROJECTS\MICROMENU_LIB+HD44780\MACRO.H 32 : Found label after column 1. (Table)
Warning[207] D:\DOCS\GITHUB\PIC12-16_ASM_PROJECTS\MICROMENU_LIB+HD44780\MICROMENU_LIB.H 244 : Found label after column 1. (c)
Warning[207] D:\DOCS\GITHUB\PIC12-16_ASM_PROJECTS\MICROMENU_LIB+HD44780\MICROMENU_LIB.H 244 : Found label after column 1. (c)
Warning[207] D:\DOCS\GITHUB\PIC12-16_ASM_PROJECTS\MICROMENU_LIB+HD44780\MICROMENU_LIB.H 244 : Found label after column 1. (c)
Warning[207] D:\DOCS\GITHUB\PIC12-16_ASM_PROJECTS\MICROMENU_LIB+HD44780\MICROMENU_LIB.H 244 : Found label after column 1. (c)
Warning[207] D:\DOCS\GITHUB\PIC12-16_ASM_PROJECTS\MICROMENU_LIB+HD44780\MICROMENU_LIB.H 244 : Found label after column 1. (c)
Warning[207] D:\DOCS\GITHUB\PIC12-16_ASM_PROJECTS\MICROMENU_LIB+HD44780\MICROMENU_LIB.H 252 : Found label after column 1. (Menu_1_Table_action)
Warning[207] D:\DOCS\GITHUB\PIC12-16_ASM_PROJECTS\MICROMENU_LIB+HD44780\MACRO.H 32 : Found label after column 1. (Table)
Warning[207] D:\DOCS\GITHUB\PIC12-16_ASM_PROJECTS\MICROMENU_LIB+HD44780\MICROMENU_LIB.H 256 : Found label after column 1. (a)
Warning[207] D:\DOCS\GITHUB\PIC12-16_ASM_PROJECTS\MICROMENU_LIB+HD44780\MICROMENU_LIB.H 256 : Found label after column 1. (a)
Warning[207] D:\DOCS\GITHUB\PIC12-16_ASM_PROJECTS\MICROMENU_LIB+HD44780\MICROMENU_LIB.H 256 : Found label after column 1. (a)
Warning[207] D:\DOCS\GITHUB\PIC12-16_ASM_PROJECTS\MICROMENU_LIB+HD44780\MICROMENU_LIB.H 258 : Found label after column 1. (d)
Warning[207] D:\DOCS\GITHUB\PIC12-16_ASM_PROJECTS\MICROMENU_LIB+HD44780\MICROMENU_LIB.H 265 : Found label after column 1. (Menu_2_Table_action)
Warning[207] D:\DOCS\GITHUB\PIC12-16_ASM_PROJECTS\MICROMENU_LIB+HD44780\MACRO.H 32 : Found label after column 1. (Table)
Warning[207] D:\DOCS\GITHUB\PIC12-16_ASM_PROJECTS\MICROMENU_LIB+HD44780\MICROMENU_LIB.H 269 : Found label after column 1. (a)
Warning[207] D:\DOCS\GITHUB\PIC12-16_ASM_PROJECTS\MICROMENU_LIB+HD44780\MICROMENU_LIB.H 269 : Found label after column 1. (a)
Warning[207] D:\DOCS\GITHUB\PIC12-16_ASM_PROJECTS\MICROMENU_LIB+HD44780\MICROMENU_LIB.H 269 : Found label after column 1. (a)
Warning[207] D:\DOCS\GITHUB\PIC12-16_ASM_PROJECTS\MICROMENU_LIB+HD44780\MICROMENU_LIB.H 271 : Found label after column 1. (d)
Warning[207] D:\DOCS\GITHUB\PIC12-16_ASM_PROJECTS\MICROMENU_LIB+HD44780\MICROMENU_LIB.H 278 : Found label after column 1. (Menu_3_Table_action)
Warning[207] D:\DOCS\GITHUB\PIC12-16_ASM_PROJECTS\MICROMENU_LIB+HD44780\MACRO.H 32 : Found label after column 1. (Table)
Warning[207] D:\DOCS\GITHUB\PIC12-16_ASM_PROJECTS\MICROMENU_LIB+HD44780\MICROMENU_LIB.H 282 : Found label after column 1. (a)
Warning[207] D:\DOCS\GITHUB\PIC12-16_ASM_PROJECTS\MICROMENU_LIB+HD44780\MICROMENU_LIB.H 282 : Found label after column 1. (a)
Warning[207] D:\DOCS\GITHUB\PIC12-16_ASM_PROJECTS\MICROMENU_LIB+HD44780\MICROMENU_LIB.H 282 : Found label after column 1. (a)
Warning[207] D:\DOCS\GITHUB\PIC12-16_ASM_PROJECTS\MICROMENU_LIB+HD44780\MICROMENU_LIB.H 284 : Found label after column 1. (d)
Warning[207] D:\DOCS\GITHUB\PIC12-16_ASM_PROJECTS\MICROMENU_LIB+HD44780\MICROMENU_LIB.H 291 : Found label after column 1. (Menu_4_Table_action)
Warning[207] D:\DOCS\GITHUB\PIC12-16_ASM_PROJECTS\MICROMENU_LIB+HD44780\MACRO.H 32 : Found label after column 1. (Table)
Warning[207] D:\DOCS\GITHUB\PIC12-16_ASM_PROJECTS\MICROMENU_LIB+HD44780\MICROMENU_LIB.H 295 : Found label after column 1. (a)
Warning[207] D:\DOCS\GITHUB\PIC12-16_ASM_PROJECTS\MICROMENU_LIB+HD44780\MICROMENU_LIB.H 295 : Found label after column 1. (a)
Warning[207] D:\DOCS\GITHUB\PIC12-16_ASM_PROJECTS\MICROMENU_LIB+HD44780\MICROMENU_LIB.H 295 : Found label after column 1. (a)
Warning[207] D:\DOCS\GITHUB\PIC12-16_ASM_PROJECTS\MICROMENU_LIB+HD44780\MICROMENU_LIB.H 297 : Found label after column 1. (d)
Warning[207] D:\DOCS\GITHUB\PIC12-16_ASM_PROJECTS\MICROMENU_LIB+HD44780\MICROMENU_LIB.H 304 : Found label after column 1. (Menu_5_Table_action)
Warning[207] D:\DOCS\GITHUB\PIC12-16_ASM_PROJECTS\MICROMENU_LIB+HD44780\MACRO.H 32 : Found label after column 1. (Table)
Warning[207] D:\DOCS\GITHUB\PIC12-16_ASM_PROJECTS\MICROMENU_LIB+HD44780\MICROMENU_LIB.H 308 : Found label after column 1. (a)
Warning[207] D:\DOCS\GITHUB\PIC12-16_ASM_PROJECTS\MICROMENU_LIB+HD44780\MICROMENU_LIB.H 308 : Found label after column 1. (a)
Warning[207] D:\DOCS\GITHUB\PIC12-16_ASM_PROJECTS\MICROMENU_LIB+HD44780\MICROMENU_LIB.H 308 : Found label after column 1. (a)
Warning[207] D:\DOCS\GITHUB\PIC12-16_ASM_PROJECTS\MICROMENU_LIB+HD44780\MICROMENU_LIB.H 310 : Found label after column 1. (d)
Warning[207] D:\DOCS\GITHUB\PIC12-16_ASM_PROJECTS\MICROMENU_LIB+HD44780\MICROMENU_LIB.H 69 : Found label after column 1. (Menu_1)
Warning[207] D:\DOCS\GITHUB\PIC12-16_ASM_PROJECTS\MICROMENU_LIB+HD44780\MACRO.H 32 : Found label after column 1. (Table)
Warning[207] D:\DOCS\GITHUB\PIC12-16_ASM_PROJECTS\MICROMENU_LIB+HD44780\MICROMENU_LIB.H 72 : Found label after column 1. (a)
Warning[207] D:\DOCS\GITHUB\PIC12-16_ASM_PROJECTS\MICROMENU_LIB+HD44780\MICROMENU_LIB.H 69 : Found label after column 1. (Menu_2)
Warning[207] D:\DOCS\GITHUB\PIC12-16_ASM_PROJECTS\MICROMENU_LIB+HD44780\MACRO.H 32 : Found label after column 1. (Table)
Warning[207] D:\DOCS\GITHUB\PIC12-16_ASM_PROJECTS\MICROMENU_LIB+HD44780\MICROMENU_LIB.H 72 : Found label after column 1. (a)
Warning[207] D:\DOCS\GITHUB\PIC12-16_ASM_PROJECTS\MICROMENU_LIB+HD44780\MICROMENU_LIB.H 69 : Found label after column 1. (Menu_3)
Warning[207] D:\DOCS\GITHUB\PIC12-16_ASM_PROJECTS\MICROMENU_LIB+HD44780\MACRO.H 32 : Found label after column 1. (Table)
Warning[207] D:\DOCS\GITHUB\PIC12-16_ASM_PROJECTS\MICROMENU_LIB+HD44780\MICROMENU_LIB.H 72 : Found label after column 1. (a)
Warning[207] D:\DOCS\GITHUB\PIC12-16_ASM_PROJECTS\MICROMENU_LIB+HD44780\MICROMENU_LIB.H 69 : Found label after column 1. (Menu_4)
Warning[207] D:\DOCS\GITHUB\PIC12-16_ASM_PROJECTS\MICROMENU_LIB+HD44780\MACRO.H 32 : Found label after column 1. (Table)
Warning[207] D:\DOCS\GITHUB\PIC12-16_ASM_PROJECTS\MICROMENU_LIB+HD44780\MICROMENU_LIB.H 72 : Found label after column 1. (a)
Warning[207] D:\DOCS\GITHUB\PIC12-16_ASM_PROJECTS\MICROMENU_LIB+HD44780\MICROMENU_LIB.H 69 : Found label after column 1. (Menu_5)
Warning[207] D:\DOCS\GITHUB\PIC12-16_ASM_PROJECTS\MICROMENU_LIB+HD44780\MACRO.H 32 : Found label after column 1. (Table)
Warning[207] D:\DOCS\GITHUB\PIC12-16_ASM_PROJECTS\MICROMENU_LIB+HD44780\MICROMENU_LIB.H 72 : Found label after column 1. (a)
Warning[207] D:\DOCS\GITHUB\PIC12-16_ASM_PROJECTS\MICROMENU_LIB+HD44780\MACRO.H 32 : Found label after column 1. (Table)
Warning[207] D:\DOCS\GITHUB\PIC12-16_ASM_PROJECTS\MICROMENU_LIB+HD44780\MICROMENU_LIB.H 82 : Found label after column 1. (a)
Warning[207] D:\DOCS\GITHUB\PIC12-16_ASM_PROJECTS\MICROMENU_LIB+HD44780\MICROMENU_LIB.H 82 : Found label after column 1. (a)
Warning[207] D:\DOCS\GITHUB\PIC12-16_ASM_PROJECTS\MICROMENU_LIB+HD44780\MICROMENU_LIB.H 82 : Found label after column 1. (a)
Warning[207] D:\DOCS\GITHUB\PIC12-16_ASM_PROJECTS\MICROMENU_LIB+HD44780\MICROMENU_LIB.H 82 : Found label after column 1. (a)
Warning[207] D:\DOCS\GITHUB\PIC12-16_ASM_PROJECTS\MICROMENU_LIB+HD44780\MICROMENU_LIB.H 82 : Found label after column 1. (a)
Warning[207] D:\DOCS\GITHUB\PIC12-16_ASM_PROJECTS\MICROMENU_LIB+HD44780\MACRO.H 32 : Found label after column 1. (Table)
Warning[207] D:\DOCS\GITHUB\PIC12-16_ASM_PROJECTS\MICROMENU_LIB+HD44780\MACRO.H 32 : Found label after column 1. (Table)
Warning[207] D:\DOCS\GITHUB\PIC12-16_ASM_PROJECTS\MICROMENU_LIB+HD44780\MACRO.H 32 : Found label after column 1. (Table)
Warning[207] D:\DOCS\GITHUB\PIC12-16_ASM_PROJECTS\MICROMENU_LIB+HD44780\MICROMENU_LIB.H 389 : Found label after column 1. (Menu_1_Submenu_1)
Warning[207] D:\DOCS\GITHUB\PIC12-16_ASM_PROJECTS\MICROMENU_LIB+HD44780\MACRO.H 32 : Found label after column 1. (Table)
Warning[207] D:\DOCS\GITHUB\PIC12-16_ASM_PROJECTS\MICROMENU_LIB+HD44780\MICROMENU_LIB.H 392 : Found label after column 1. (a)
Warning[207] D:\DOCS\GITHUB\PIC12-16_ASM_PROJECTS\MICROMENU_LIB+HD44780\MICROMENU_LIB.H 389 : Found label after column 1. (Menu_1_Submenu_2)
Warning[207] D:\DOCS\GITHUB\PIC12-16_ASM_PROJECTS\MICROMENU_LIB+HD44780\MACRO.H 32 : Found label after column 1. (Table)
Warning[207] D:\DOCS\GITHUB\PIC12-16_ASM_PROJECTS\MICROMENU_LIB+HD44780\MICROMENU_LIB.H 392 : Found label after column 1. (a)
Warning[207] D:\DOCS\GITHUB\PIC12-16_ASM_PROJECTS\MICROMENU_LIB+HD44780\MICROMENU_LIB.H 389 : Found label after column 1. (Menu_1_Submenu_3)
Warning[207] D:\DOCS\GITHUB\PIC12-16_ASM_PROJECTS\MICROMENU_LIB+HD44780\MACRO.H 32 : Found label after column 1. (Table)
Warning[207] D:\DOCS\GITHUB\PIC12-16_ASM_PROJECTS\MICROMENU_LIB+HD44780\MICROMENU_LIB.H 392 : Found label after column 1. (a)
Warning[207] D:\DOCS\GITHUB\PIC12-16_ASM_PROJECTS\MICROMENU_LIB+HD44780\MICROMENU_LIB.H 394 : Found label after column 1. (d)
Warning[207] D:\DOCS\GITHUB\PIC12-16_ASM_PROJECTS\MICROMENU_LIB+HD44780\MICROMENU_LIB.H 402 : Found label after column 1. (Menu_2_Submenu_1)
Warning[207] D:\DOCS\GITHUB\PIC12-16_ASM_PROJECTS\MICROMENU_LIB+HD44780\MACRO.H 32 : Found label after column 1. (Table)
Warning[207] D:\DOCS\GITHUB\PIC12-16_ASM_PROJECTS\MICROMENU_LIB+HD44780\MICROMENU_LIB.H 405 : Found label after column 1. (a)
Warning[207] D:\DOCS\GITHUB\PIC12-16_ASM_PROJECTS\MICROMENU_LIB+HD44780\MICROMENU_LIB.H 402 : Found label after column 1. (Menu_2_Submenu_2)
Warning[207] D:\DOCS\GITHUB\PIC12-16_ASM_PROJECTS\MICROMENU_LIB+HD44780\MACRO.H 32 : Found label after column 1. (Table)
Warning[207] D:\DOCS\GITHUB\PIC12-16_ASM_PROJECTS\MICROMENU_LIB+HD44780\MICROMENU_LIB.H 405 : Found label after column 1. (a)
Warning[207] D:\DOCS\GITHUB\PIC12-16_ASM_PROJECTS\MICROMENU_LIB+HD44780\MICROMENU_LIB.H 402 : Found label after column 1. (Menu_2_Submenu_3)
Warning[207] D:\DOCS\GITHUB\PIC12-16_ASM_PROJECTS\MICROMENU_LIB+HD44780\MACRO.H 32 : Found label after column 1. (Table)
Warning[207] D:\DOCS\GITHUB\PIC12-16_ASM_PROJECTS\MICROMENU_LIB+HD44780\MICROMENU_LIB.H 405 : Found label after column 1. (a)
Warning[207] D:\DOCS\GITHUB\PIC12-16_ASM_PROJECTS\MICROMENU_LIB+HD44780\MICROMENU_LIB.H 407 : Found label after column 1. (d)
Warning[207] D:\DOCS\GITHUB\PIC12-16_ASM_PROJECTS\MICROMENU_LIB+HD44780\MICROMENU_LIB.H 415 : Found label after column 1. (Menu_3_Submenu_1)
Warning[207] D:\DOCS\GITHUB\PIC12-16_ASM_PROJECTS\MICROMENU_LIB+HD44780\MACRO.H 32 : Found label after column 1. (Table)
Warning[207] D:\DOCS\GITHUB\PIC12-16_ASM_PROJECTS\MICROMENU_LIB+HD44780\MICROMENU_LIB.H 418 : Found label after column 1. (a)
Warning[207] D:\DOCS\GITHUB\PIC12-16_ASM_PROJECTS\MICROMENU_LIB+HD44780\MICROMENU_LIB.H 415 : Found label after column 1. (Menu_3_Submenu_2)
Warning[207] D:\DOCS\GITHUB\PIC12-16_ASM_PROJECTS\MICROMENU_LIB+HD44780\MACRO.H 32 : Found label after column 1. (Table)
Warning[207] D:\DOCS\GITHUB\PIC12-16_ASM_PROJECTS\MICROMENU_LIB+HD44780\MICROMENU_LIB.H 418 : Found label after column 1. (a)
Warning[207] D:\DOCS\GITHUB\PIC12-16_ASM_PROJECTS\MICROMENU_LIB+HD44780\MICROMENU_LIB.H 415 : Found label after column 1. (Menu_3_Submenu_3)
Warning[207] D:\DOCS\GITHUB\PIC12-16_ASM_PROJECTS\MICROMENU_LIB+HD44780\MACRO.H 32 : Found label after column 1. (Table)
Warning[207] D:\DOCS\GITHUB\PIC12-16_ASM_PROJECTS\MICROMENU_LIB+HD44780\MICROMENU_LIB.H 418 : Found label after column 1. (a)
Warning[207] D:\DOCS\GITHUB\PIC12-16_ASM_PROJECTS\MICROMENU_LIB+HD44780\MICROMENU_LIB.H 420 : Found label after column 1. (d)
Warning[207] D:\DOCS\GITHUB\PIC12-16_ASM_PROJECTS\MICROMENU_LIB+HD44780\MICROMENU_LIB.H 428 : Found label after column 1. (Menu_4_Submenu_1)
Warning[207] D:\DOCS\GITHUB\PIC12-16_ASM_PROJECTS\MICROMENU_LIB+HD44780\MACRO.H 32 : Found label after column 1. (Table)
Warning[207] D:\DOCS\GITHUB\PIC12-16_ASM_PROJECTS\MICROMENU_LIB+HD44780\MICROMENU_LIB.H 431 : Found label after column 1. (a)
Warning[207] D:\DOCS\GITHUB\PIC12-16_ASM_PROJECTS\MICROMENU_LIB+HD44780\MICROMENU_LIB.H 428 : Found label after column 1. (Menu_4_Submenu_2)
Warning[207] D:\DOCS\GITHUB\PIC12-16_ASM_PROJECTS\MICROMENU_LIB+HD44780\MACRO.H 32 : Found label after column 1. (Table)
Warning[207] D:\DOCS\GITHUB\PIC12-16_ASM_PROJECTS\MICROMENU_LIB+HD44780\MICROMENU_LIB.H 431 : Found label after column 1. (a)
Warning[207] D:\DOCS\GITHUB\PIC12-16_ASM_PROJECTS\MICROMENU_LIB+HD44780\MICROMENU_LIB.H 428 : Found label after column 1. (Menu_4_Submenu_3)
Warning[207] D:\DOCS\GITHUB\PIC12-16_ASM_PROJECTS\MICROMENU_LIB+HD44780\MACRO.H 32 : Found label after column 1. (Table)
Warning[207] D:\DOCS\GITHUB\PIC12-16_ASM_PROJECTS\MICROMENU_LIB+HD44780\MICROMENU_LIB.H 431 : Found label after column 1. (a)
Warning[207] D:\DOCS\GITHUB\PIC12-16_ASM_PROJECTS\MICROMENU_LIB+HD44780\MICROMENU_LIB.H 433 : Found label after column 1. (d)
Warning[207] D:\DOCS\GITHUB\PIC12-16_ASM_PROJECTS\MICROMENU_LIB+HD44780\MICROMENU_LIB.H 441 : Found label after column 1. (Menu_5_Submenu_1)
Warning[207] D:\DOCS\GITHUB\PIC12-16_ASM_PROJECTS\MICROMENU_LIB+HD44780\MACRO.H 32 : Found label after column 1. (Table)
Warning[207] D:\DOCS\GITHUB\PIC12-16_ASM_PROJECTS\MICROMENU_LIB+HD44780\MICROMENU_LIB.H 444 : Found label after column 1. (a)
Warning[207] D:\DOCS\GITHUB\PIC12-16_ASM_PROJECTS\MICROMENU_LIB+HD44780\MICROMENU_LIB.H 441 : Found label after column 1. (Menu_5_Submenu_2)
Warning[207] D:\DOCS\GITHUB\PIC12-16_ASM_PROJECTS\MICROMENU_LIB+HD44780\MACRO.H 32 : Found label after column 1. (Table)
Warning[207] D:\DOCS\GITHUB\PIC12-16_ASM_PROJECTS\MICROMENU_LIB+HD44780\MICROMENU_LIB.H 444 : Found label after column 1. (a)
Warning[207] D:\DOCS\GITHUB\PIC12-16_ASM_PROJECTS\MICROMENU_LIB+HD44780\MICROMENU_LIB.H 441 : Found label after column 1. (Menu_5_Submenu_3)
Warning[207] D:\DOCS\GITHUB\PIC12-16_ASM_PROJECTS\MICROMENU_LIB+HD44780\MACRO.H 32 : Found label after column 1. (Table)
Warning[207] D:\DOCS\GITHUB\PIC12-16_ASM_PROJECTS\MICROMENU_LIB+HD44780\MICROMENU_LIB.H 444 : Found label after column 1. (a)
Warning[207] D:\DOCS\GITHUB\PIC12-16_ASM_PROJECTS\MICROMENU_LIB+HD44780\MICROMENU_LIB.H 446 : Found label after column 1. (d)
Warning[205] D:\DOCS\GITHUB\PIC12-16_ASM_PROJECTS\MICROMENU_LIB+HD44780\MICROMENU_LIB.ASM 112 : Found directive in column 1. (if)
Message[305] D:\DOCS\GITHUB\PIC12-16_ASM_PROJECTS\MICROMENU_LIB+HD44780\MICROMENU_LIB.ASM 131 : Using default destination of 1 (file).
Message[305] D:\DOCS\GITHUB\PIC12-16_ASM_PROJECTS\MICROMENU_LIB+HD44780\MICROMENU_LIB.ASM 142 : Using default destination of 1 (file).
Warning[205] D:\DOCS\GITHUB\PIC12-16_ASM_PROJECTS\MICROMENU_LIB+HD44780\MICROMENU_LIB.ASM 149 : Found directive in column 1. (if)
Warning[225] D:\DOCS\GITHUB\PIC12-16_ASM_PROJECTS\MICROMENU_LIB+HD44780\MICROMENU_LIB.ASM 149 : Invalid label in operand (USE_TOP_4_FIRST_AND_BOTTOM_4_LAST)
Warning[205] D:\DOCS\GITHUB\PIC12-16_ASM_PROJECTS\MICROMENU_LIB+HD44780\MICROMENU_LIB.ASM 157 : Found directive in column 1. (if)
Warning[225] D:\DOCS\GITHUB\PIC12-16_ASM_PROJECTS\MICROMENU_LIB+HD44780\MICROMENU_LIB.ASM 157 : Invalid label in operand (USE_TOP_4_FIRST_AND_BOTTOM_4_LAST)
Message[305] D:\DOCS\GITHUB\PIC12-16_ASM_PROJECTS\MICROMENU_LIB+HD44780\MICROMENU_LIB.ASM 162 : Using default destination of 1 (file).
Message[305] D:\DOCS\GITHUB\PIC12-16_ASM_PROJECTS\MICROMENU_LIB+HD44780\MICROMENU_LIB.ASM 170 : Using default destination of 1 (file).
Warning[205] D:\DOCS\GITHUB\PIC12-16_ASM_PROJECTS\MICROMENU_LIB+HD44780\MICROMENU_LIB.ASM 173 : Found directive in column 1. (endif)
Warning[205] D:\DOCS\GITHUB\PIC12-16_ASM_PROJECTS\MICROMENU_LIB+HD44780\MICROMENU_LIB.ASM 177 : Found directive in column 1. (if)
Message[305] D:\DOCS\GITHUB\PIC12-16_ASM_PROJECTS\MICROMENU_LIB+HD44780\MICROMENU_LIB.ASM 186 : Using default destination of 1 (file).
Message[305] D:\DOCS\GITHUB\PIC12-16_ASM_PROJECTS\MICROMENU_LIB+HD44780\MICROMENU_LIB.ASM 192 : Using default destination of 1 (file).
Message[305] D:\DOCS\GITHUB\PIC12-16_ASM_PROJECTS\MICROMENU_LIB+HD44780\MICROMENU_LIB.ASM 202 : Using default destination of 1 (file).
Message[305] D:\DOCS\GITHUB\PIC12-16_ASM_PROJECTS\MICROMENU_LIB+HD44780\MICROMENU_LIB.ASM 207 : Using default destination of 1 (file).
Warning[205] D:\DOCS\GITHUB\PIC12-16_ASM_PROJECTS\MICROMENU_LIB+HD44780\MICROMENU_LIB.ASM 224 : Found directive in column 1. (else)
Message[305] D:\DOCS\GITHUB\PIC12-16_ASM_PROJECTS\MICROMENU_LIB+HD44780\MICROMENU_LIB.ASM 246 : Using default destination of 1 (file).
Message[305] D:\DOCS\GITHUB\PIC12-16_ASM_PROJECTS\MICROMENU_LIB+HD44780\MICROMENU_LIB.ASM 264 : Using default destination of 1 (file).
Message[305] D:\DOCS\GITHUB\PIC12-16_ASM_PROJECTS\MICROMENU_LIB+HD44780\MICROMENU_LIB.ASM 266 : Using default destination of 1 (file).
Message[305] D:\DOCS\GITHUB\PIC12-16_ASM_PROJECTS\MICROMENU_LIB+HD44780\MICROMENU_LIB.ASM 268 : Using default destination of 1 (file).
Warning[205] D:\DOCS\GITHUB\PIC12-16_ASM_PROJECTS\MICROMENU_LIB+HD44780\MICROMENU_LIB.ASM 274 : Found directive in column 1. (if)
Message[305] D:\DOCS\GITHUB\PIC12-16_ASM_PROJECTS\MICROMENU_LIB+HD44780\MICROMENU_LIB.ASM 276 : Using default destination of 1 (file).
Warning[205] D:\DOCS\GITHUB\PIC12-16_ASM_PROJECTS\MICROMENU_LIB+HD44780\MICROMENU_LIB.ASM 278 : Found directive in column 1. (endif)
Message[305] D:\DOCS\GITHUB\PIC12-16_ASM_PROJECTS\MICROMENU_LIB+HD44780\MICROMENU_LIB.ASM 280 : Using default destination of 1 (file).
Warning[205] D:\DOCS\GITHUB\PIC12-16_ASM_PROJECTS\MICROMENU_LIB+HD44780\MICROMENU_LIB.ASM 289 : Found directive in column 1. (if)
Message[305] D:\DOCS\GITHUB\PIC12-16_ASM_PROJECTS\MICROMENU_LIB+HD44780\MICROMENU_LIB.ASM 291 : Using default destination of 1 (file).
Warning[205] D:\DOCS\GITHUB\PIC12-16_ASM_PROJECTS\MICROMENU_LIB+HD44780\MICROMENU_LIB.ASM 293 : Found directive in column 1. (endif)
Message[305] D:\DOCS\GITHUB\PIC12-16_ASM_PROJECTS\MICROMENU_LIB+HD44780\MICROMENU_LIB.ASM 295 : Using default destination of 1 (file).
Message[305] D:\DOCS\GITHUB\PIC12-16_ASM_PROJECTS\MICROMENU_LIB+HD44780\MICROMENU_LIB.ASM 305 : Using default destination of 1 (file).
Warning[205] D:\DOCS\GITHUB\PIC12-16_ASM_PROJECTS\MICROMENU_LIB+HD44780\MICROMENU_LIB.ASM 314 : Found directive in column 1. (if)
Warning[225] D:\DOCS\GITHUB\PIC12-16_ASM_PROJECTS\MICROMENU_LIB+HD44780\MICROMENU_LIB.ASM 314 : Invalid label in operand (USE_TOP_4_FIRST_AND_BOTTOM_4_LAST)
Warning[205] D:\DOCS\GITHUB\PIC12-16_ASM_PROJECTS\MICROMENU_LIB+HD44780\MICROMENU_LIB.ASM 322 : Found directive in column 1. (if)
Warning[225] D:\DOCS\GITHUB\PIC12-16_ASM_PROJECTS\MICROMENU_LIB+HD44780\MICROMENU_LIB.ASM 322 : Invalid label in operand (USE_TOP_4_FIRST_AND_BOTTOM_4_LAST)
Message[305] D:\DOCS\GITHUB\PIC12-16_ASM_PROJECTS\MICROMENU_LIB+HD44780\MICROMENU_LIB.ASM 327 : Using default destination of 1 (file).
Message[305] D:\DOCS\GITHUB\PIC12-16_ASM_PROJECTS\MICROMENU_LIB+HD44780\MICROMENU_LIB.ASM 338 : Using default destination of 1 (file).
Warning[205] D:\DOCS\GITHUB\PIC12-16_ASM_PROJECTS\MICROMENU_LIB+HD44780\MICROMENU_LIB.ASM 341 : Found directive in column 1. (endif)
Warning[205] D:\DOCS\GITHUB\PIC12-16_ASM_PROJECTS\MICROMENU_LIB+HD44780\MICROMENU_LIB.ASM 345 : Found directive in column 1. (if)
Message[305] D:\DOCS\GITHUB\PIC12-16_ASM_PROJECTS\MICROMENU_LIB+HD44780\MICROMENU_LIB.ASM 354 : Using default destination of 1 (file).
Message[305] D:\DOCS\GITHUB\PIC12-16_ASM_PROJECTS\MICROMENU_LIB+HD44780\MICROMENU_LIB.ASM 360 : Using default destination of 1 (file).
Message[305] D:\DOCS\GITHUB\PIC12-16_ASM_PROJECTS\MICROMENU_LIB+HD44780\MICROMENU_LIB.ASM 367 : Using default destination of 1 (file).
Message[305] D:\DOCS\GITHUB\PIC12-16_ASM_PROJECTS\MICROMENU_LIB+HD44780\MICROMENU_LIB.ASM 371 : Using default destination of 1 (file).
Message[305] D:\DOCS\GITHUB\PIC12-16_ASM_PROJECTS\MICROMENU_LIB+HD44780\MICROMENU_LIB.ASM 376 : Using default destination of 1 (file).
Message[305] D:\DOCS\GITHUB\PIC12-16_ASM_PROJECTS\MICROMENU_LIB+HD44780\MICROMENU_LIB.ASM 382 : Using default destination of 1 (file).
Warning[205] D:\DOCS\GITHUB\PIC12-16_ASM_PROJECTS\MICROMENU_LIB+HD44780\MICROMENU_LIB.ASM 394 : Found directive in column 1. (else)
Message[305] D:\DOCS\GITHUB\PIC12-16_ASM_PROJECTS\MICROMENU_LIB+HD44780\MICROMENU_LIB.ASM 417 : Using default destination of 1 (file).
Message[305] D:\DOCS\GITHUB\PIC12-16_ASM_PROJECTS\MICROMENU_LIB+HD44780\MICROMENU_LIB.ASM 435 : Using default destination of 1 (file).
Message[305] D:\DOCS\GITHUB\PIC12-16_ASM_PROJECTS\MICROMENU_LIB+HD44780\MICROMENU_LIB.ASM 437 : Using default destination of 1 (file).
Message[305] D:\DOCS\GITHUB\PIC12-16_ASM_PROJECTS\MICROMENU_LIB+HD44780\MICROMENU_LIB.ASM 439 : Using default destination of 1 (file).
Warning[205] D:\DOCS\GITHUB\PIC12-16_ASM_PROJECTS\MICROMENU_LIB+HD44780\MICROMENU_LIB.ASM 445 : Found directive in column 1. (if)
Message[305] D:\DOCS\GITHUB\PIC12-16_ASM_PROJECTS\MICROMENU_LIB+HD44780\MICROMENU_LIB.ASM 447 : Using default destination of 1 (file).
Warning[205] D:\DOCS\GITHUB\PIC12-16_ASM_PROJECTS\MICROMENU_LIB+HD44780\MICROMENU_LIB.ASM 449 : Found directive in column 1. (endif)
Message[305] D:\DOCS\GITHUB\PIC12-16_ASM_PROJECTS\MICROMENU_LIB+HD44780\MICROMENU_LIB.ASM 451 : Using default destination of 1 (file).
Message[305] D:\DOCS\GITHUB\PIC12-16_ASM_PROJECTS\MICROMENU_LIB+HD44780\MICROMENU_LIB.ASM 456 : Using default destination of 1 (file).
Warning[205] D:\DOCS\GITHUB\PIC12-16_ASM_PROJECTS\MICROMENU_LIB+HD44780\MICROMENU_LIB.ASM 461 : Found directive in column 1. (if)
Message[305] D:\DOCS\GITHUB\PIC12-16_ASM_PROJECTS\MICROMENU_LIB+HD44780\MICROMENU_LIB.ASM 463 : Using default destination of 1 (file).
Warning[205] D:\DOCS\GITHUB\PIC12-16_ASM_PROJECTS\MICROMENU_LIB+HD44780\MICROMENU_LIB.ASM 465 : Found directive in column 1. (endif)
Message[305] D:\DOCS\GITHUB\PIC12-16_ASM_PROJECTS\MICROMENU_LIB+HD44780\MICROMENU_LIB.ASM 467 : Using default destination of 1 (file).
Message[305] D:\DOCS\GITHUB\PIC12-16_ASM_PROJECTS\MICROMENU_LIB+HD44780\MICROMENU_LIB.ASM 490 : Using default destination of 1 (file).
Message[305] D:\DOCS\GITHUB\PIC12-16_ASM_PROJECTS\MICROMENU_LIB+HD44780\MICROMENU_LIB.ASM 495 : Using default destination of 1 (file).
Message[305] D:\DOCS\GITHUB\PIC12-16_ASM_PROJECTS\MICROMENU_LIB+HD44780\MICROMENU_LIB.ASM 512 : Using default destination of 1 (file).
Message[305] D:\DOCS\GITHUB\PIC12-16_ASM_PROJECTS\MICROMENU_LIB+HD44780\MICROMENU_LIB.ASM 524 : Using default destination of 1 (file).
Message[305] D:\DOCS\GITHUB\PIC12-16_ASM_PROJECTS\MICROMENU_LIB+HD44780\MICROMENU_LIB.ASM 540 : Using default destination of 1 (file).
Message[305] D:\DOCS\GITHUB\PIC12-16_ASM_PROJECTS\MICROMENU_LIB+HD44780\MICROMENU_LIB.ASM 542 : Using default destination of 1 (file).
